04:16:27 **** Build of project AlarmSystem_bsp ****
make -k all 
"Running Make include in ps7_cortexa9_0/libsrc/coresightps_dcc_v1_5/src"
make -C ps7_cortexa9_0/libsrc/coresightps_dcc_v1_5/src -s include  "SHELL=CMD" "COMPILER=arm-none-eabi-gcc" "ARCHIVER=arm-none-eabi-ar" "COMPILER_FLAGS=  -O2 -c" "EXTRA_COMPILER_FLAGS=-mcpu=cortex-a9 -mfpu=vfpv3 -mfloat-abi=hard -nostartfiles -g -Wall -Wextra"
"Running Make include in ps7_cortexa9_0/libsrc/cpu_cortexa9_v2_7/src"
make -C ps7_cortexa9_0/libsrc/cpu_cortexa9_v2_7/src -s include  "SHELL=CMD" "COMPILER=arm-none-eabi-gcc" "ARCHIVER=arm-none-eabi-ar" "COMPILER_FLAGS=  -O2 -c" "EXTRA_COMPILER_FLAGS=-mcpu=cortex-a9 -mfpu=vfpv3 -mfloat-abi=hard -nostartfiles -g -Wall -Wextra"
"Running Make include in ps7_cortexa9_0/libsrc/ddrps_v1_0/src"
make -C ps7_cortexa9_0/libsrc/ddrps_v1_0/src -s include  "SHELL=CMD" "COMPILER=arm-none-eabi-gcc" "ARCHIVER=arm-none-eabi-ar" "COMPILER_FLAGS=  -O2 -c" "EXTRA_COMPILER_FLAGS=-mcpu=cortex-a9 -mfpu=vfpv3 -mfloat-abi=hard -nostartfiles -g -Wall -Wextra"
"Running Make include in ps7_cortexa9_0/libsrc/devcfg_v3_5/src"
make -C ps7_cortexa9_0/libsrc/devcfg_v3_5/src -s include  "SHELL=CMD" "COMPILER=arm-none-eabi-gcc" "ARCHIVER=arm-none-eabi-ar" "COMPILER_FLAGS=  -O2 -c" "EXTRA_COMPILER_FLAGS=-mcpu=cortex-a9 -mfpu=vfpv3 -mfloat-abi=hard -nostartfiles -g -Wall -Wextra"
"Running Make include in ps7_cortexa9_0/libsrc/dmaps_v2_4/src"
make -C ps7_cortexa9_0/libsrc/dmaps_v2_4/src -s include  "SHELL=CMD" "COMPILER=arm-none-eabi-gcc" "ARCHIVER=arm-none-eabi-ar" "COMPILER_FLAGS=  -O2 -c" "EXTRA_COMPILER_FLAGS=-mcpu=cortex-a9 -mfpu=vfpv3 -mfloat-abi=hard -nostartfiles -g -Wall -Wextra"
"Running Make include in ps7_cortexa9_0/libsrc/gpiops_v3_5/src"
make -C ps7_cortexa9_0/libsrc/gpiops_v3_5/src -s include  "SHELL=CMD" "COMPILER=arm-none-eabi-gcc" "ARCHIVER=arm-none-eabi-ar" "COMPILER_FLAGS=  -O2 -c" "EXTRA_COMPILER_FLAGS=-mcpu=cortex-a9 -mfpu=vfpv3 -mfloat-abi=hard -nostartfiles -g -Wall -Wextra"
"Running Make include in ps7_cortexa9_0/libsrc/gpio_v4_4/src"
make -C ps7_cortexa9_0/libsrc/gpio_v4_4/src -s include  "SHELL=CMD" "COMPILER=arm-none-eabi-gcc" "ARCHIVER=arm-none-eabi-ar" "COMPILER_FLAGS=  -O2 -c" "EXTRA_COMPILER_FLAGS=-mcpu=cortex-a9 -mfpu=vfpv3 -mfloat-abi=hard -nostartfiles -g -Wall -Wextra"
"Running Make include in ps7_cortexa9_0/libsrc/iicps_v3_9/src"
make -C ps7_cortexa9_0/libsrc/iicps_v3_9/src -s include  "SHELL=CMD" "COMPILER=arm-none-eabi-gcc" "ARCHIVER=arm-none-eabi-ar" "COMPILER_FLAGS=  -O2 -c" "EXTRA_COMPILER_FLAGS=-mcpu=cortex-a9 -mfpu=vfpv3 -mfloat-abi=hard -nostartfiles -g -Wall -Wextra"
"Running Make include in ps7_cortexa9_0/libsrc/PmodOLED_v1_0/src"
make -C ps7_cortexa9_0/libsrc/PmodOLED_v1_0/src -s include  "SHELL=CMD" "COMPILER=arm-none-eabi-gcc" "ARCHIVER=arm-none-eabi-ar" "COMPILER_FLAGS=  -O2 -c" "EXTRA_COMPILER_FLAGS=-mcpu=cortex-a9 -mfpu=vfpv3 -mfloat-abi=hard -nostartfiles -g -Wall -Wextra"
"Running Make include in ps7_cortexa9_0/libsrc/PmodRTCC_v1_0/src"
make -C ps7_cortexa9_0/libsrc/PmodRTCC_v1_0/src -s include  "SHELL=CMD" "COMPILER=arm-none-eabi-gcc" "ARCHIVER=arm-none-eabi-ar" "COMPILER_FLAGS=  -O2 -c" "EXTRA_COMPILER_FLAGS=-mcpu=cortex-a9 -mfpu=vfpv3 -mfloat-abi=hard -nostartfiles -g -Wall -Wextra"
"Running Make include in ps7_cortexa9_0/libsrc/qspips_v3_6/src"
make -C ps7_cortexa9_0/libsrc/qspips_v3_6/src -s include  "SHELL=CMD" "COMPILER=arm-none-eabi-gcc" "ARCHIVER=arm-none-eabi-ar" "COMPILER_FLAGS=  -O2 -c" "EXTRA_COMPILER_FLAGS=-mcpu=cortex-a9 -mfpu=vfpv3 -mfloat-abi=hard -nostartfiles -g -Wall -Wextra"
"Running Make include in ps7_cortexa9_0/libsrc/scugic_v4_0/src"
make -C ps7_cortexa9_0/libsrc/scugic_v4_0/src -s include  "SHELL=CMD" "COMPILER=arm-none-eabi-gcc" "ARCHIVER=arm-none-eabi-ar" "COMPILER_FLAGS=  -O2 -c" "EXTRA_COMPILER_FLAGS=-mcpu=cortex-a9 -mfpu=vfpv3 -mfloat-abi=hard -nostartfiles -g -Wall -Wextra"
"Running Make include in ps7_cortexa9_0/libsrc/scutimer_v2_1/src"
make -C ps7_cortexa9_0/libsrc/scutimer_v2_1/src -s include  "SHELL=CMD" "COMPILER=arm-none-eabi-gcc" "ARCHIVER=arm-none-eabi-ar" "COMPILER_FLAGS=  -O2 -c" "EXTRA_COMPILER_FLAGS=-mcpu=cortex-a9 -mfpu=vfpv3 -mfloat-abi=hard -nostartfiles -g -Wall -Wextra"
"Running Make include in ps7_cortexa9_0/libsrc/scuwdt_v2_1/src"
make -C ps7_cortexa9_0/libsrc/scuwdt_v2_1/src -s include  "SHELL=CMD" "COMPILER=arm-none-eabi-gcc" "ARCHIVER=arm-none-eabi-ar" "COMPILER_FLAGS=  -O2 -c" "EXTRA_COMPILER_FLAGS=-mcpu=cortex-a9 -mfpu=vfpv3 -mfloat-abi=hard -nostartfiles -g -Wall -Wextra"
"Running Make include in ps7_cortexa9_0/libsrc/spips_v3_2/src"
make -C ps7_cortexa9_0/libsrc/spips_v3_2/src -s include  "SHELL=CMD" "COMPILER=arm-none-eabi-gcc" "ARCHIVER=arm-none-eabi-ar" "COMPILER_FLAGS=  -O2 -c" "EXTRA_COMPILER_FLAGS=-mcpu=cortex-a9 -mfpu=vfpv3 -mfloat-abi=hard -nostartfiles -g -Wall -Wextra"
"Running Make include in ps7_cortexa9_0/libsrc/standalone_v7_0/src"
make -C ps7_cortexa9_0/libsrc/standalone_v7_0/src -s include  "SHELL=CMD" "COMPILER=arm-none-eabi-gcc" "ARCHIVER=arm-none-eabi-ar" "COMPILER_FLAGS=  -O2 -c" "EXTRA_COMPILER_FLAGS=-mcpu=cortex-a9 -mfpu=vfpv3 -mfloat-abi=hard -nostartfiles -g -Wall -Wextra"
"Running Make include in ps7_cortexa9_0/libsrc/uartps_v3_7/src"
make -C ps7_cortexa9_0/libsrc/uartps_v3_7/src -s include  "SHELL=CMD" "COMPILER=arm-none-eabi-gcc" "ARCHIVER=arm-none-eabi-ar" "COMPILER_FLAGS=  -O2 -c" "EXTRA_COMPILER_FLAGS=-mcpu=cortex-a9 -mfpu=vfpv3 -mfloat-abi=hard -nostartfiles -g -Wall -Wextra"
"Running Make include in ps7_cortexa9_0/libsrc/xadcps_v2_3/src"
make -C ps7_cortexa9_0/libsrc/xadcps_v2_3/src -s include  "SHELL=CMD" "COMPILER=arm-none-eabi-gcc" "ARCHIVER=arm-none-eabi-ar" "COMPILER_FLAGS=  -O2 -c" "EXTRA_COMPILER_FLAGS=-mcpu=cortex-a9 -mfpu=vfpv3 -mfloat-abi=hard -nostartfiles -g -Wall -Wextra"
"Running Make libs in ps7_cortexa9_0/libsrc/coresightps_dcc_v1_5/src"
make -C ps7_cortexa9_0/libsrc/coresightps_dcc_v1_5/src -s libs  "SHELL=CMD" "COMPILER=arm-none-eabi-gcc" "ARCHIVER=arm-none-eabi-ar" "COMPILER_FLAGS=  -O2 -c" "EXTRA_COMPILER_FLAGS=-mcpu=cortex-a9 -mfpu=vfpv3 -mfloat-abi=hard -nostartfiles -g -Wall -Wextra"
"Compiling coresightps_dcc"
arm-none-eabi-ar: creating ../../../lib/libxil.a
"Running Make libs in ps7_cortexa9_0/libsrc/cpu_cortexa9_v2_7/src"
make -C ps7_cortexa9_0/libsrc/cpu_cortexa9_v2_7/src -s libs  "SHELL=CMD" "COMPILER=arm-none-eabi-gcc" "ARCHIVER=arm-none-eabi-ar" "COMPILER_FLAGS=  -O2 -c" "EXTRA_COMPILER_FLAGS=-mcpu=cortex-a9 -mfpu=vfpv3 -mfloat-abi=hard -nostartfiles -g -Wall -Wextra"
"Compiling cpu_cortexa9"
"Running Make libs in ps7_cortexa9_0/libsrc/ddrps_v1_0/src"
make -C ps7_cortexa9_0/libsrc/ddrps_v1_0/src -s libs  "SHELL=CMD" "COMPILER=arm-none-eabi-gcc" "ARCHIVER=arm-none-eabi-ar" "COMPILER_FLAGS=  -O2 -c" "EXTRA_COMPILER_FLAGS=-mcpu=cortex-a9 -mfpu=vfpv3 -mfloat-abi=hard -nostartfiles -g -Wall -Wextra"
"Compiling ddrps"
"Running Make libs in ps7_cortexa9_0/libsrc/devcfg_v3_5/src"
make -C ps7_cortexa9_0/libsrc/devcfg_v3_5/src -s libs  "SHELL=CMD" "COMPILER=arm-none-eabi-gcc" "ARCHIVER=arm-none-eabi-ar" "COMPILER_FLAGS=  -O2 -c" "EXTRA_COMPILER_FLAGS=-mcpu=cortex-a9 -mfpu=vfpv3 -mfloat-abi=hard -nostartfiles -g -Wall -Wextra"
"Compiling devcfg"
"Running Make libs in ps7_cortexa9_0/libsrc/dmaps_v2_4/src"
make -C ps7_cortexa9_0/libsrc/dmaps_v2_4/src -s libs  "SHELL=CMD" "COMPILER=arm-none-eabi-gcc" "ARCHIVER=arm-none-eabi-ar" "COMPILER_FLAGS=  -O2 -c" "EXTRA_COMPILER_FLAGS=-mcpu=cortex-a9 -mfpu=vfpv3 -mfloat-abi=hard -nostartfiles -g -Wall -Wextra"
"Compiling dmaps"
"Running Make libs in ps7_cortexa9_0/libsrc/gpiops_v3_5/src"
make -C ps7_cortexa9_0/libsrc/gpiops_v3_5/src -s libs  "SHELL=CMD" "COMPILER=arm-none-eabi-gcc" "ARCHIVER=arm-none-eabi-ar" "COMPILER_FLAGS=  -O2 -c" "EXTRA_COMPILER_FLAGS=-mcpu=cortex-a9 -mfpu=vfpv3 -mfloat-abi=hard -nostartfiles -g -Wall -Wextra"
"Compiling gpiops"
"Running Make libs in ps7_cortexa9_0/libsrc/gpio_v4_4/src"
make -C ps7_cortexa9_0/libsrc/gpio_v4_4/src -s libs  "SHELL=CMD" "COMPILER=arm-none-eabi-gcc" "ARCHIVER=arm-none-eabi-ar" "COMPILER_FLAGS=  -O2 -c" "EXTRA_COMPILER_FLAGS=-mcpu=cortex-a9 -mfpu=vfpv3 -mfloat-abi=hard -nostartfiles -g -Wall -Wextra"
"Compiling gpio"
"Running Make libs in ps7_cortexa9_0/libsrc/iicps_v3_9/src"
make -C ps7_cortexa9_0/libsrc/iicps_v3_9/src -s libs  "SHELL=CMD" "COMPILER=arm-none-eabi-gcc" "ARCHIVER=arm-none-eabi-ar" "COMPILER_FLAGS=  -O2 -c" "EXTRA_COMPILER_FLAGS=-mcpu=cortex-a9 -mfpu=vfpv3 -mfloat-abi=hard -nostartfiles -g -Wall -Wextra"
"Compiling iicps"
"Running Make libs in ps7_cortexa9_0/libsrc/PmodOLED_v1_0/src"
make -C ps7_cortexa9_0/libsrc/PmodOLED_v1_0/src -s libs  "SHELL=CMD" "COMPILER=arm-none-eabi-gcc" "ARCHIVER=arm-none-eabi-ar" "COMPILER_FLAGS=  -O2 -c" "EXTRA_COMPILER_FLAGS=-mcpu=cortex-a9 -mfpu=vfpv3 -mfloat-abi=hard -nostartfiles -g -Wall -Wextra"
"Compiling PmodOLED..."
OledDriver.c: In function 'OLED_Update':
OledDriver.c:532:14: warning: unused variable 'icol' [-Wunused-variable]
     int      icol;
              ^~~~
OledGrph.c: In function 'OLED_GetStdPattern':
OledGrph.c:196:23: warning: return discards 'const' qualifier from pointer target type [-Wdiscarded-qualifiers]
     return rgbFillPat + 8*ipat;
            ~~~~~~~~~~~^~~~~~~~
OledGrph.c: In function 'OLED_FillRect':
OledGrph.c:506:9: warning: unused variable 'bTmp' [-Wunused-variable]
     u8  bTmp;
         ^~~~
OledGrph.c: In function 'OLED_GetBmp':
OledGrph.c:612:11: warning: variable 'bTmp' set but not used [-Wunused-but-set-variable]
     u8    bTmp;
           ^~~~
OledGrph.c: In function 'OLED_PutBmp':
OledGrph.c:713:11: warning: unused variable 'bTmp' [-Wunused-variable]
     u8    bTmp;
           ^~~~
OledGrph.c:706:11: warning: unused variable 'bDsp' [-Wunused-variable]
     u8    bDsp;
           ^~~~
OledGrph.c: In function 'OLED_DrawChar':
OledGrph.c:812:11: warning: unused variable 'ib' [-Wunused-variable]
     int   ib;
           ^~
OledGrph.c:811:11: warning: variable 'pbBmp' set but not used [-Wunused-but-set-variable]
     u8   *pbBmp;
           ^~~~~
"Running Make libs in ps7_cortexa9_0/libsrc/PmodRTCC_v1_0/src"
make -C ps7_cortexa9_0/libsrc/PmodRTCC_v1_0/src -s libs  "SHELL=CMD" "COMPILER=arm-none-eabi-gcc" "ARCHIVER=arm-none-eabi-ar" "COMPILER_FLAGS=  -O2 -c" "EXTRA_COMPILER_FLAGS=-mcpu=cortex-a9 -mfpu=vfpv3 -mfloat-abi=hard -nostartfiles -g -Wall -Wextra"
"Compiling PmodRTCC..."
In file included from xiic.h:324,
                 from PmodRTCC.h:30,
                 from PmodRTCC.c:25:
PmodRTCC.c: In function 'RTCC_IICInit':
xiic_l.h:299:27: warning: passing argument 1 of 'Xil_Out32' makes integer from pointer without a cast [-Wint-conversion]
  XIic_Out32((BaseAddress) + (RegOffset), (RegisterValue))
             ~~~~~~~~~~~~~~^~~~~~~~~~~~~
xiic_l.h:316:2: note: in expansion of macro 'XIic_WriteReg'
  XIic_WriteReg((BaseAddress), XIIC_DGIER_OFFSET, 0)
  ^~~~~~~~~~~~~
PmodRTCC.c:97:4: note: in expansion of macro 'XIic_IntrGlobalDisable'
    XIic_IntrGlobalDisable(IicInstancePtr);
    ^~~~~~~~~~~~~~~~~~~~~~
In file included from xiic_l.h:97,
                 from xiic.h:324,
                 from PmodRTCC.h:30,
                 from PmodRTCC.c:25:
../../../include/xil_io.h:219:38: note: expected 'UINTPTR' {aka 'unsigned int'} but argument is of type 'XIic *' {aka 'struct <anonymous> *'}
 static INLINE void Xil_Out32(UINTPTR Addr, u32 Value)
                              ~~~~~~~~^~~~
"Running Make libs in ps7_cortexa9_0/libsrc/qspips_v3_6/src"
make -C ps7_cortexa9_0/libsrc/qspips_v3_6/src -s libs  "SHELL=CMD" "COMPILER=arm-none-eabi-gcc" "ARCHIVER=arm-none-eabi-ar" "COMPILER_FLAGS=  -O2 -c" "EXTRA_COMPILER_FLAGS=-mcpu=cortex-a9 -mfpu=vfpv3 -mfloat-abi=hard -nostartfiles -g -Wall -Wextra"
"Compiling qspips"
"Running Make libs in ps7_cortexa9_0/libsrc/scugic_v4_0/src"
make -C ps7_cortexa9_0/libsrc/scugic_v4_0/src -s libs  "SHELL=CMD" "COMPILER=arm-none-eabi-gcc" "ARCHIVER=arm-none-eabi-ar" "COMPILER_FLAGS=  -O2 -c" "EXTRA_COMPILER_FLAGS=-mcpu=cortex-a9 -mfpu=vfpv3 -mfloat-abi=hard -nostartfiles -g -Wall -Wextra"
"Compiling scugic"
"Running Make libs in ps7_cortexa9_0/libsrc/scutimer_v2_1/src"
make -C ps7_cortexa9_0/libsrc/scutimer_v2_1/src -s libs  "SHELL=CMD" "COMPILER=arm-none-eabi-gcc" "ARCHIVER=arm-none-eabi-ar" "COMPILER_FLAGS=  -O2 -c" "EXTRA_COMPILER_FLAGS=-mcpu=cortex-a9 -mfpu=vfpv3 -mfloat-abi=hard -nostartfiles -g -Wall -Wextra"
"Compiling scutimer"
"Running Make libs in ps7_cortexa9_0/libsrc/scuwdt_v2_1/src"
make -C ps7_cortexa9_0/libsrc/scuwdt_v2_1/src -s libs  "SHELL=CMD" "COMPILER=arm-none-eabi-gcc" "ARCHIVER=arm-none-eabi-ar" "COMPILER_FLAGS=  -O2 -c" "EXTRA_COMPILER_FLAGS=-mcpu=cortex-a9 -mfpu=vfpv3 -mfloat-abi=hard -nostartfiles -g -Wall -Wextra"
"Compiling scuwdt"
"Running Make libs in ps7_cortexa9_0/libsrc/spips_v3_2/src"
make -C ps7_cortexa9_0/libsrc/spips_v3_2/src -s libs  "SHELL=CMD" "COMPILER=arm-none-eabi-gcc" "ARCHIVER=arm-none-eabi-ar" "COMPILER_FLAGS=  -O2 -c" "EXTRA_COMPILER_FLAGS=-mcpu=cortex-a9 -mfpu=vfpv3 -mfloat-abi=hard -nostartfiles -g -Wall -Wextra"
"Compiling spips"
"Running Make libs in ps7_cortexa9_0/libsrc/standalone_v7_0/src"
make -C ps7_cortexa9_0/libsrc/standalone_v7_0/src -s libs  "SHELL=CMD" "COMPILER=arm-none-eabi-gcc" "ARCHIVER=arm-none-eabi-ar" "COMPILER_FLAGS=  -O2 -c" "EXTRA_COMPILER_FLAGS=-mcpu=cortex-a9 -mfpu=vfpv3 -mfloat-abi=hard -nostartfiles -g -Wall -Wextra"
"Compiling standalone"
In file included from usleep.c:56:
xtime_l.h:87:9: note: #pragma message: For the sleep routines, Global timer is being used
 #pragma message ("For the sleep routines, Global timer is being used")
         ^~~~~~~
In file included from xil_sleeptimer.c:51:
xtime_l.h:87:9: note: #pragma message: For the sleep routines, Global timer is being used
 #pragma message ("For the sleep routines, Global timer is being used")
         ^~~~~~~
In file included from xtime_l.c:49:
xtime_l.h:87:9: note: #pragma message: For the sleep routines, Global timer is being used
 #pragma message ("For the sleep routines, Global timer is being used")
         ^~~~~~~
In file included from sleep.c:53:
xtime_l.h:87:9: note: #pragma message: For the sleep routines, Global timer is being used
 #pragma message ("For the sleep routines, Global timer is being used")
         ^~~~~~~
"Running Make libs in ps7_cortexa9_0/libsrc/uartps_v3_7/src"
make -C ps7_cortexa9_0/libsrc/uartps_v3_7/src -s libs  "SHELL=CMD" "COMPILER=arm-none-eabi-gcc" "ARCHIVER=arm-none-eabi-ar" "COMPILER_FLAGS=  -O2 -c" "EXTRA_COMPILER_FLAGS=-mcpu=cortex-a9 -mfpu=vfpv3 -mfloat-abi=hard -nostartfiles -g -Wall -Wextra"
"Compiling uartps"
"Running Make libs in ps7_cortexa9_0/libsrc/xadcps_v2_3/src"
make -C ps7_cortexa9_0/libsrc/xadcps_v2_3/src -s libs  "SHELL=CMD" "COMPILER=arm-none-eabi-gcc" "ARCHIVER=arm-none-eabi-ar" "COMPILER_FLAGS=  -O2 -c" "EXTRA_COMPILER_FLAGS=-mcpu=cortex-a9 -mfpu=vfpv3 -mfloat-abi=hard -nostartfiles -g -Wall -Wextra"
"Compiling xadcps"
'Finished building libraries'

**** Build of configuration Debug for project AlarmSystem ****

Nothing to build for project AlarmSystem
04:16:56 **** Auto Build of configuration Debug for project AlarmSystem ****
make pre-build main-build 
a9-linaro-pre-build-step
' '
'Building file: ../src/clock.c'
'Invoking: ARM v7 gcc compiler'
arm-none-eabi-gcc -Wall -O0 -g3 -c -fmessage-length=0 -MT"src/clock.o" -mcpu=cortex-a9 -mfpu=vfpv3 -mfloat-abi=hard -I../../AlarmSystem_bsp/ps7_cortexa9_0/include -MMD -MP -MF"src/clock.d" -MT"src/clock.o" -o "src/clock.o" "../src/clock.c"
../src/clock.c:6:10: fatal error: clock.h: No such file or directory
 #include "clock.h"
          ^~~~~~~~~
compilation terminated.
make: *** [src/subdir.mk:41: src/clock.o] Error 1
04:17:20 **** Auto Build of configuration Debug for project AlarmSystem ****
make pre-build main-build 
a9-linaro-pre-build-step
' '
'Building file: ../src/clock.c'
'Invoking: ARM v7 gcc compiler'
arm-none-eabi-gcc -Wall -O0 -g3 -c -fmessage-length=0 -MT"src/clock.o" -mcpu=cortex-a9 -mfpu=vfpv3 -mfloat-abi=hard -I../../AlarmSystem_bsp/ps7_cortexa9_0/include -MMD -MP -MF"src/clock.d" -MT"src/clock.o" -o "src/clock.o" "../src/clock.c"
../src/clock.c:6:10: fatal error: clock.h: No such file or directory
 #include "clock.h"
          ^~~~~~~~~
compilation terminated.
make: *** [src/subdir.mk:41: src/clock.o] Error 1
04:17:40 **** Auto Build of configuration Debug for project AlarmSystem ****
make pre-build main-build 
a9-linaro-pre-build-step
' '
'Building file: ../src/clock.c'
'Invoking: ARM v7 gcc compiler'
arm-none-eabi-gcc -Wall -O0 -g3 -c -fmessage-length=0 -MT"src/clock.o" -mcpu=cortex-a9 -mfpu=vfpv3 -mfloat-abi=hard -I../../AlarmSystem_bsp/ps7_cortexa9_0/include -MMD -MP -MF"src/clock.d" -MT"src/clock.o" -o "src/clock.o" "../src/clock.c"
../src/clock.c:6:10: fatal error: clock.h: No such file or directory
 #include "clock.h"
          ^~~~~~~~~
compilation terminated.
make: *** [src/subdir.mk:41: src/clock.o] Error 1
04:18:29 **** Clean-only build of configuration Debug for project AlarmSystem ****
make clean 
rm -rf  ./src/clock.o ./src/data_handle.o ./src/interrupt_handler.o ./src/io.o ./src/lab7.o ./src/main.o ./src/oled.o  ./src/clock.d ./src/data_handle.d ./src/interrupt_handler.d ./src/io.d ./src/lab7.d ./src/main.d ./src/oled.d  AlarmSystem.elf.size  AlarmSystem.elf
' '
04:18:29 **** Auto Build of configuration Debug for project AlarmSystem ****
make pre-build main-build 
a9-linaro-pre-build-step
' '
'Building file: ../src/clock.c'
'Invoking: ARM v7 gcc compiler'
arm-none-eabi-gcc -Wall -O0 -g3 -I../../AlarmSystem_bsp/ps7_cortexa9_0/include -I"C:\git\AlarmSystem\AlarmSystem.sdk\AlarmSystem" -c -fmessage-length=0 -MT"src/clock.o" -mcpu=cortex-a9 -mfpu=vfpv3 -mfloat-abi=hard -MMD -MP -MF"src/clock.d" -MT"src/clock.o" -o "src/clock.o" "../src/clock.c"
../src/clock.c:6:10: fatal error: clock.h: No such file or directory
 #include "clock.h"
          ^~~~~~~~~
compilation terminated.
make: *** [src/subdir.mk:41: src/clock.o] Error 1
04:19:29 **** Auto Build of configuration Debug for project AlarmSystem ****
make pre-build main-build 
a9-linaro-pre-build-step
' '
'Building file: ../src/clock.c'
'Invoking: ARM v7 gcc compiler'
arm-none-eabi-gcc -Wall -O0 -g3 -I../../AlarmSystem_bsp/ps7_cortexa9_0/include -I"C:\git\AlarmSystem\AlarmSystem.sdk\AlarmSystem" -c -fmessage-length=0 -MT"src/clock.o" -mcpu=cortex-a9 -mfpu=vfpv3 -mfloat-abi=hard -MMD -MP -MF"src/clock.d" -MT"src/clock.o" -o "src/clock.o" "../src/clock.c"
../src/clock.c:6:10: fatal error: clock.h: No such file or directory
 #include "clock.h"
          ^~~~~~~~~
compilation terminated.
make: *** [src/subdir.mk:41: src/clock.o] Error 1
04:19:55 **** Auto Build of configuration Debug for project AlarmSystem ****
make pre-build main-build 
a9-linaro-pre-build-step
' '
'Building file: ../src/clock.c'
'Invoking: ARM v7 gcc compiler'
arm-none-eabi-gcc -Wall -O0 -g3 -I../../AlarmSystem_bsp/ps7_cortexa9_0/include -I"C:\git\AlarmSystem\AlarmSystem.sdk\AlarmSystem" -c -fmessage-length=0 -MT"src/clock.o" -mcpu=cortex-a9 -mfpu=vfpv3 -mfloat-abi=hard -MMD -MP -MF"src/clock.d" -MT"src/clock.o" -o "src/clock.o" "../src/clock.c"
../src/clock.c:5:10: fatal error: clock.h: No such file or directory
 #include "clock.h"
          ^~~~~~~~~
compilation terminated.
make: *** [src/subdir.mk:41: src/clock.o] Error 1
04:20:58 **** Build of project AlarmSystem_bsp ****
make -k all 
"Running Make include in ps7_cortexa9_0/libsrc/coresightps_dcc_v1_5/src"
make -C ps7_cortexa9_0/libsrc/coresightps_dcc_v1_5/src -s include  "SHELL=CMD" "COMPILER=arm-none-eabi-gcc" "ARCHIVER=arm-none-eabi-ar" "COMPILER_FLAGS=  -O2 -c" "EXTRA_COMPILER_FLAGS=-mcpu=cortex-a9 -mfpu=vfpv3 -mfloat-abi=hard -nostartfiles -g -Wall -Wextra"
"Running Make include in ps7_cortexa9_0/libsrc/cpu_cortexa9_v2_7/src"
make -C ps7_cortexa9_0/libsrc/cpu_cortexa9_v2_7/src -s include  "SHELL=CMD" "COMPILER=arm-none-eabi-gcc" "ARCHIVER=arm-none-eabi-ar" "COMPILER_FLAGS=  -O2 -c" "EXTRA_COMPILER_FLAGS=-mcpu=cortex-a9 -mfpu=vfpv3 -mfloat-abi=hard -nostartfiles -g -Wall -Wextra"
"Running Make include in ps7_cortexa9_0/libsrc/ddrps_v1_0/src"
make -C ps7_cortexa9_0/libsrc/ddrps_v1_0/src -s include  "SHELL=CMD" "COMPILER=arm-none-eabi-gcc" "ARCHIVER=arm-none-eabi-ar" "COMPILER_FLAGS=  -O2 -c" "EXTRA_COMPILER_FLAGS=-mcpu=cortex-a9 -mfpu=vfpv3 -mfloat-abi=hard -nostartfiles -g -Wall -Wextra"
"Running Make include in ps7_cortexa9_0/libsrc/devcfg_v3_5/src"
make -C ps7_cortexa9_0/libsrc/devcfg_v3_5/src -s include  "SHELL=CMD" "COMPILER=arm-none-eabi-gcc" "ARCHIVER=arm-none-eabi-ar" "COMPILER_FLAGS=  -O2 -c" "EXTRA_COMPILER_FLAGS=-mcpu=cortex-a9 -mfpu=vfpv3 -mfloat-abi=hard -nostartfiles -g -Wall -Wextra"
"Running Make include in ps7_cortexa9_0/libsrc/dmaps_v2_4/src"
make -C ps7_cortexa9_0/libsrc/dmaps_v2_4/src -s include  "SHELL=CMD" "COMPILER=arm-none-eabi-gcc" "ARCHIVER=arm-none-eabi-ar" "COMPILER_FLAGS=  -O2 -c" "EXTRA_COMPILER_FLAGS=-mcpu=cortex-a9 -mfpu=vfpv3 -mfloat-abi=hard -nostartfiles -g -Wall -Wextra"
"Running Make include in ps7_cortexa9_0/libsrc/gpiops_v3_5/src"
make -C ps7_cortexa9_0/libsrc/gpiops_v3_5/src -s include  "SHELL=CMD" "COMPILER=arm-none-eabi-gcc" "ARCHIVER=arm-none-eabi-ar" "COMPILER_FLAGS=  -O2 -c" "EXTRA_COMPILER_FLAGS=-mcpu=cortex-a9 -mfpu=vfpv3 -mfloat-abi=hard -nostartfiles -g -Wall -Wextra"
"Running Make include in ps7_cortexa9_0/libsrc/gpio_v4_4/src"
make -C ps7_cortexa9_0/libsrc/gpio_v4_4/src -s include  "SHELL=CMD" "COMPILER=arm-none-eabi-gcc" "ARCHIVER=arm-none-eabi-ar" "COMPILER_FLAGS=  -O2 -c" "EXTRA_COMPILER_FLAGS=-mcpu=cortex-a9 -mfpu=vfpv3 -mfloat-abi=hard -nostartfiles -g -Wall -Wextra"
"Running Make include in ps7_cortexa9_0/libsrc/iicps_v3_9/src"
make -C ps7_cortexa9_0/libsrc/iicps_v3_9/src -s include  "SHELL=CMD" "COMPILER=arm-none-eabi-gcc" "ARCHIVER=arm-none-eabi-ar" "COMPILER_FLAGS=  -O2 -c" "EXTRA_COMPILER_FLAGS=-mcpu=cortex-a9 -mfpu=vfpv3 -mfloat-abi=hard -nostartfiles -g -Wall -Wextra"
"Running Make include in ps7_cortexa9_0/libsrc/PmodOLED_v1_0/src"
make -C ps7_cortexa9_0/libsrc/PmodOLED_v1_0/src -s include  "SHELL=CMD" "COMPILER=arm-none-eabi-gcc" "ARCHIVER=arm-none-eabi-ar" "COMPILER_FLAGS=  -O2 -c" "EXTRA_COMPILER_FLAGS=-mcpu=cortex-a9 -mfpu=vfpv3 -mfloat-abi=hard -nostartfiles -g -Wall -Wextra"
"Running Make include in ps7_cortexa9_0/libsrc/PmodRTCC_v1_0/src"
make -C ps7_cortexa9_0/libsrc/PmodRTCC_v1_0/src -s include  "SHELL=CMD" "COMPILER=arm-none-eabi-gcc" "ARCHIVER=arm-none-eabi-ar" "COMPILER_FLAGS=  -O2 -c" "EXTRA_COMPILER_FLAGS=-mcpu=cortex-a9 -mfpu=vfpv3 -mfloat-abi=hard -nostartfiles -g -Wall -Wextra"
"Running Make include in ps7_cortexa9_0/libsrc/qspips_v3_6/src"
make -C ps7_cortexa9_0/libsrc/qspips_v3_6/src -s include  "SHELL=CMD" "COMPILER=arm-none-eabi-gcc" "ARCHIVER=arm-none-eabi-ar" "COMPILER_FLAGS=  -O2 -c" "EXTRA_COMPILER_FLAGS=-mcpu=cortex-a9 -mfpu=vfpv3 -mfloat-abi=hard -nostartfiles -g -Wall -Wextra"
"Running Make include in ps7_cortexa9_0/libsrc/scugic_v4_0/src"
make -C ps7_cortexa9_0/libsrc/scugic_v4_0/src -s include  "SHELL=CMD" "COMPILER=arm-none-eabi-gcc" "ARCHIVER=arm-none-eabi-ar" "COMPILER_FLAGS=  -O2 -c" "EXTRA_COMPILER_FLAGS=-mcpu=cortex-a9 -mfpu=vfpv3 -mfloat-abi=hard -nostartfiles -g -Wall -Wextra"
"Running Make include in ps7_cortexa9_0/libsrc/scutimer_v2_1/src"
make -C ps7_cortexa9_0/libsrc/scutimer_v2_1/src -s include  "SHELL=CMD" "COMPILER=arm-none-eabi-gcc" "ARCHIVER=arm-none-eabi-ar" "COMPILER_FLAGS=  -O2 -c" "EXTRA_COMPILER_FLAGS=-mcpu=cortex-a9 -mfpu=vfpv3 -mfloat-abi=hard -nostartfiles -g -Wall -Wextra"
"Running Make include in ps7_cortexa9_0/libsrc/scuwdt_v2_1/src"
make -C ps7_cortexa9_0/libsrc/scuwdt_v2_1/src -s include  "SHELL=CMD" "COMPILER=arm-none-eabi-gcc" "ARCHIVER=arm-none-eabi-ar" "COMPILER_FLAGS=  -O2 -c" "EXTRA_COMPILER_FLAGS=-mcpu=cortex-a9 -mfpu=vfpv3 -mfloat-abi=hard -nostartfiles -g -Wall -Wextra"
"Running Make include in ps7_cortexa9_0/libsrc/spips_v3_2/src"
make -C ps7_cortexa9_0/libsrc/spips_v3_2/src -s include  "SHELL=CMD" "COMPILER=arm-none-eabi-gcc" "ARCHIVER=arm-none-eabi-ar" "COMPILER_FLAGS=  -O2 -c" "EXTRA_COMPILER_FLAGS=-mcpu=cortex-a9 -mfpu=vfpv3 -mfloat-abi=hard -nostartfiles -g -Wall -Wextra"
"Running Make include in ps7_cortexa9_0/libsrc/standalone_v7_0/src"
make -C ps7_cortexa9_0/libsrc/standalone_v7_0/src -s include  "SHELL=CMD" "COMPILER=arm-none-eabi-gcc" "ARCHIVER=arm-none-eabi-ar" "COMPILER_FLAGS=  -O2 -c" "EXTRA_COMPILER_FLAGS=-mcpu=cortex-a9 -mfpu=vfpv3 -mfloat-abi=hard -nostartfiles -g -Wall -Wextra"
"Running Make include in ps7_cortexa9_0/libsrc/uartps_v3_7/src"
make -C ps7_cortexa9_0/libsrc/uartps_v3_7/src -s include  "SHELL=CMD" "COMPILER=arm-none-eabi-gcc" "ARCHIVER=arm-none-eabi-ar" "COMPILER_FLAGS=  -O2 -c" "EXTRA_COMPILER_FLAGS=-mcpu=cortex-a9 -mfpu=vfpv3 -mfloat-abi=hard -nostartfiles -g -Wall -Wextra"
"Running Make include in ps7_cortexa9_0/libsrc/xadcps_v2_3/src"
make -C ps7_cortexa9_0/libsrc/xadcps_v2_3/src -s include  "SHELL=CMD" "COMPILER=arm-none-eabi-gcc" "ARCHIVER=arm-none-eabi-ar" "COMPILER_FLAGS=  -O2 -c" "EXTRA_COMPILER_FLAGS=-mcpu=cortex-a9 -mfpu=vfpv3 -mfloat-abi=hard -nostartfiles -g -Wall -Wextra"
"Running Make libs in ps7_cortexa9_0/libsrc/coresightps_dcc_v1_5/src"
make -C ps7_cortexa9_0/libsrc/coresightps_dcc_v1_5/src -s libs  "SHELL=CMD" "COMPILER=arm-none-eabi-gcc" "ARCHIVER=arm-none-eabi-ar" "COMPILER_FLAGS=  -O2 -c" "EXTRA_COMPILER_FLAGS=-mcpu=cortex-a9 -mfpu=vfpv3 -mfloat-abi=hard -nostartfiles -g -Wall -Wextra"
"Compiling coresightps_dcc"
"Running Make libs in ps7_cortexa9_0/libsrc/cpu_cortexa9_v2_7/src"
make -C ps7_cortexa9_0/libsrc/cpu_cortexa9_v2_7/src -s libs  "SHELL=CMD" "COMPILER=arm-none-eabi-gcc" "ARCHIVER=arm-none-eabi-ar" "COMPILER_FLAGS=  -O2 -c" "EXTRA_COMPILER_FLAGS=-mcpu=cortex-a9 -mfpu=vfpv3 -mfloat-abi=hard -nostartfiles -g -Wall -Wextra"
"Compiling cpu_cortexa9"
"Running Make libs in ps7_cortexa9_0/libsrc/ddrps_v1_0/src"
make -C ps7_cortexa9_0/libsrc/ddrps_v1_0/src -s libs  "SHELL=CMD" "COMPILER=arm-none-eabi-gcc" "ARCHIVER=arm-none-eabi-ar" "COMPILER_FLAGS=  -O2 -c" "EXTRA_COMPILER_FLAGS=-mcpu=cortex-a9 -mfpu=vfpv3 -mfloat-abi=hard -nostartfiles -g -Wall -Wextra"
"Compiling ddrps"
"Running Make libs in ps7_cortexa9_0/libsrc/devcfg_v3_5/src"
make -C ps7_cortexa9_0/libsrc/devcfg_v3_5/src -s libs  "SHELL=CMD" "COMPILER=arm-none-eabi-gcc" "ARCHIVER=arm-none-eabi-ar" "COMPILER_FLAGS=  -O2 -c" "EXTRA_COMPILER_FLAGS=-mcpu=cortex-a9 -mfpu=vfpv3 -mfloat-abi=hard -nostartfiles -g -Wall -Wextra"
"Compiling devcfg"
"Running Make libs in ps7_cortexa9_0/libsrc/dmaps_v2_4/src"
make -C ps7_cortexa9_0/libsrc/dmaps_v2_4/src -s libs  "SHELL=CMD" "COMPILER=arm-none-eabi-gcc" "ARCHIVER=arm-none-eabi-ar" "COMPILER_FLAGS=  -O2 -c" "EXTRA_COMPILER_FLAGS=-mcpu=cortex-a9 -mfpu=vfpv3 -mfloat-abi=hard -nostartfiles -g -Wall -Wextra"
"Compiling dmaps"
"Running Make libs in ps7_cortexa9_0/libsrc/gpiops_v3_5/src"
make -C ps7_cortexa9_0/libsrc/gpiops_v3_5/src -s libs  "SHELL=CMD" "COMPILER=arm-none-eabi-gcc" "ARCHIVER=arm-none-eabi-ar" "COMPILER_FLAGS=  -O2 -c" "EXTRA_COMPILER_FLAGS=-mcpu=cortex-a9 -mfpu=vfpv3 -mfloat-abi=hard -nostartfiles -g -Wall -Wextra"
"Compiling gpiops"
"Running Make libs in ps7_cortexa9_0/libsrc/gpio_v4_4/src"
make -C ps7_cortexa9_0/libsrc/gpio_v4_4/src -s libs  "SHELL=CMD" "COMPILER=arm-none-eabi-gcc" "ARCHIVER=arm-none-eabi-ar" "COMPILER_FLAGS=  -O2 -c" "EXTRA_COMPILER_FLAGS=-mcpu=cortex-a9 -mfpu=vfpv3 -mfloat-abi=hard -nostartfiles -g -Wall -Wextra"
"Compiling gpio"
"Running Make libs in ps7_cortexa9_0/libsrc/iicps_v3_9/src"
make -C ps7_cortexa9_0/libsrc/iicps_v3_9/src -s libs  "SHELL=CMD" "COMPILER=arm-none-eabi-gcc" "ARCHIVER=arm-none-eabi-ar" "COMPILER_FLAGS=  -O2 -c" "EXTRA_COMPILER_FLAGS=-mcpu=cortex-a9 -mfpu=vfpv3 -mfloat-abi=hard -nostartfiles -g -Wall -Wextra"
"Compiling iicps"
"Running Make libs in ps7_cortexa9_0/libsrc/PmodOLED_v1_0/src"
make -C ps7_cortexa9_0/libsrc/PmodOLED_v1_0/src -s libs  "SHELL=CMD" "COMPILER=arm-none-eabi-gcc" "ARCHIVER=arm-none-eabi-ar" "COMPILER_FLAGS=  -O2 -c" "EXTRA_COMPILER_FLAGS=-mcpu=cortex-a9 -mfpu=vfpv3 -mfloat-abi=hard -nostartfiles -g -Wall -Wextra"
"Compiling PmodOLED..."
OledDriver.c: In function 'OLED_Update':
OledDriver.c:532:14: warning: unused variable 'icol' [-Wunused-variable]
     int      icol;
              ^~~~
OledGrph.c: In function 'OLED_GetStdPattern':
OledGrph.c:196:23: warning: return discards 'const' qualifier from pointer target type [-Wdiscarded-qualifiers]
     return rgbFillPat + 8*ipat;
            ~~~~~~~~~~~^~~~~~~~
OledGrph.c: In function 'OLED_FillRect':
OledGrph.c:506:9: warning: unused variable 'bTmp' [-Wunused-variable]
     u8  bTmp;
         ^~~~
OledGrph.c: In function 'OLED_GetBmp':
OledGrph.c:612:11: warning: variable 'bTmp' set but not used [-Wunused-but-set-variable]
     u8    bTmp;
           ^~~~
OledGrph.c: In function 'OLED_PutBmp':
OledGrph.c:713:11: warning: unused variable 'bTmp' [-Wunused-variable]
     u8    bTmp;
           ^~~~
OledGrph.c:706:11: warning: unused variable 'bDsp' [-Wunused-variable]
     u8    bDsp;
           ^~~~
OledGrph.c: In function 'OLED_DrawChar':
OledGrph.c:812:11: warning: unused variable 'ib' [-Wunused-variable]
     int   ib;
           ^~
OledGrph.c:811:11: warning: variable 'pbBmp' set but not used [-Wunused-but-set-variable]
     u8   *pbBmp;
           ^~~~~
"Running Make libs in ps7_cortexa9_0/libsrc/PmodRTCC_v1_0/src"
make -C ps7_cortexa9_0/libsrc/PmodRTCC_v1_0/src -s libs  "SHELL=CMD" "COMPILER=arm-none-eabi-gcc" "ARCHIVER=arm-none-eabi-ar" "COMPILER_FLAGS=  -O2 -c" "EXTRA_COMPILER_FLAGS=-mcpu=cortex-a9 -mfpu=vfpv3 -mfloat-abi=hard -nostartfiles -g -Wall -Wextra"
"Compiling PmodRTCC..."
In file included from xiic.h:324,
                 from PmodRTCC.h:30,
                 from PmodRTCC.c:25:
PmodRTCC.c: In function 'RTCC_IICInit':
xiic_l.h:299:27: warning: passing argument 1 of 'Xil_Out32' makes integer from pointer without a cast [-Wint-conversion]
  XIic_Out32((BaseAddress) + (RegOffset), (RegisterValue))
             ~~~~~~~~~~~~~~^~~~~~~~~~~~~
xiic_l.h:316:2: note: in expansion of macro 'XIic_WriteReg'
  XIic_WriteReg((BaseAddress), XIIC_DGIER_OFFSET, 0)
  ^~~~~~~~~~~~~
PmodRTCC.c:97:4: note: in expansion of macro 'XIic_IntrGlobalDisable'
    XIic_IntrGlobalDisable(IicInstancePtr);
    ^~~~~~~~~~~~~~~~~~~~~~
In file included from xiic_l.h:97,
                 from xiic.h:324,
                 from PmodRTCC.h:30,
                 from PmodRTCC.c:25:
../../../include/xil_io.h:219:38: note: expected 'UINTPTR' {aka 'unsigned int'} but argument is of type 'XIic *' {aka 'struct <anonymous> *'}
 static INLINE void Xil_Out32(UINTPTR Addr, u32 Value)
                              ~~~~~~~~^~~~
"Running Make libs in ps7_cortexa9_0/libsrc/qspips_v3_6/src"
make -C ps7_cortexa9_0/libsrc/qspips_v3_6/src -s libs  "SHELL=CMD" "COMPILER=arm-none-eabi-gcc" "ARCHIVER=arm-none-eabi-ar" "COMPILER_FLAGS=  -O2 -c" "EXTRA_COMPILER_FLAGS=-mcpu=cortex-a9 -mfpu=vfpv3 -mfloat-abi=hard -nostartfiles -g -Wall -Wextra"
"Compiling qspips"
"Running Make libs in ps7_cortexa9_0/libsrc/scugic_v4_0/src"
make -C ps7_cortexa9_0/libsrc/scugic_v4_0/src -s libs  "SHELL=CMD" "COMPILER=arm-none-eabi-gcc" "ARCHIVER=arm-none-eabi-ar" "COMPILER_FLAGS=  -O2 -c" "EXTRA_COMPILER_FLAGS=-mcpu=cortex-a9 -mfpu=vfpv3 -mfloat-abi=hard -nostartfiles -g -Wall -Wextra"
"Compiling scugic"
"Running Make libs in ps7_cortexa9_0/libsrc/scutimer_v2_1/src"
make -C ps7_cortexa9_0/libsrc/scutimer_v2_1/src -s libs  "SHELL=CMD" "COMPILER=arm-none-eabi-gcc" "ARCHIVER=arm-none-eabi-ar" "COMPILER_FLAGS=  -O2 -c" "EXTRA_COMPILER_FLAGS=-mcpu=cortex-a9 -mfpu=vfpv3 -mfloat-abi=hard -nostartfiles -g -Wall -Wextra"
"Compiling scutimer"
"Running Make libs in ps7_cortexa9_0/libsrc/scuwdt_v2_1/src"
make -C ps7_cortexa9_0/libsrc/scuwdt_v2_1/src -s libs  "SHELL=CMD" "COMPILER=arm-none-eabi-gcc" "ARCHIVER=arm-none-eabi-ar" "COMPILER_FLAGS=  -O2 -c" "EXTRA_COMPILER_FLAGS=-mcpu=cortex-a9 -mfpu=vfpv3 -mfloat-abi=hard -nostartfiles -g -Wall -Wextra"
"Compiling scuwdt"
"Running Make libs in ps7_cortexa9_0/libsrc/spips_v3_2/src"
make -C ps7_cortexa9_0/libsrc/spips_v3_2/src -s libs  "SHELL=CMD" "COMPILER=arm-none-eabi-gcc" "ARCHIVER=arm-none-eabi-ar" "COMPILER_FLAGS=  -O2 -c" "EXTRA_COMPILER_FLAGS=-mcpu=cortex-a9 -mfpu=vfpv3 -mfloat-abi=hard -nostartfiles -g -Wall -Wextra"
"Compiling spips"
"Running Make libs in ps7_cortexa9_0/libsrc/standalone_v7_0/src"
make -C ps7_cortexa9_0/libsrc/standalone_v7_0/src -s libs  "SHELL=CMD" "COMPILER=arm-none-eabi-gcc" "ARCHIVER=arm-none-eabi-ar" "COMPILER_FLAGS=  -O2 -c" "EXTRA_COMPILER_FLAGS=-mcpu=cortex-a9 -mfpu=vfpv3 -mfloat-abi=hard -nostartfiles -g -Wall -Wextra"
"Compiling standalone"
In file included from usleep.c:56:
xtime_l.h:87:9: note: #pragma message: For the sleep routines, Global timer is being used
 #pragma message ("For the sleep routines, Global timer is being used")
         ^~~~~~~
In file included from sleep.c:53:
xtime_l.h:87:9: note: #pragma message: For the sleep routines, Global timer is being used
 #pragma message ("For the sleep routines, Global timer is being used")
         ^~~~~~~
In file included from xil_sleeptimer.c:51:
xtime_l.h:87:9: note: #pragma message: For the sleep routines, Global timer is being used
 #pragma message ("For the sleep routines, Global timer is being used")
         ^~~~~~~
In file included from xtime_l.c:49:
xtime_l.h:87:9: note: #pragma message: For the sleep routines, Global timer is being used
 #pragma message ("For the sleep routines, Global timer is being used")
         ^~~~~~~
"Running Make libs in ps7_cortexa9_0/libsrc/uartps_v3_7/src"
make -C ps7_cortexa9_0/libsrc/uartps_v3_7/src -s libs  "SHELL=CMD" "COMPILER=arm-none-eabi-gcc" "ARCHIVER=arm-none-eabi-ar" "COMPILER_FLAGS=  -O2 -c" "EXTRA_COMPILER_FLAGS=-mcpu=cortex-a9 -mfpu=vfpv3 -mfloat-abi=hard -nostartfiles -g -Wall -Wextra"
"Compiling uartps"
"Running Make libs in ps7_cortexa9_0/libsrc/xadcps_v2_3/src"
make -C ps7_cortexa9_0/libsrc/xadcps_v2_3/src -s libs  "SHELL=CMD" "COMPILER=arm-none-eabi-gcc" "ARCHIVER=arm-none-eabi-ar" "COMPILER_FLAGS=  -O2 -c" "EXTRA_COMPILER_FLAGS=-mcpu=cortex-a9 -mfpu=vfpv3 -mfloat-abi=hard -nostartfiles -g -Wall -Wextra"
"Compiling xadcps"
'Finished building libraries'
04:21:15 **** Clean-only build of configuration Debug for project AlarmSystem ****
make clean 
rm -rf  ./src/clock.o ./src/data_handle.o ./src/interrupt_handler.o ./src/io.o ./src/lab7.o ./src/main.o ./src/oled.o  ./src/clock.d ./src/data_handle.d ./src/interrupt_handler.d ./src/io.d ./src/lab7.d ./src/main.d ./src/oled.d  AlarmSystem.elf.size  AlarmSystem.elf
' '
04:21:15 **** Build of configuration Debug for project AlarmSystem ****
make pre-build main-build 
a9-linaro-pre-build-step
' '
'Building file: ../src/clock.c'
'Invoking: ARM v7 gcc compiler'
arm-none-eabi-gcc -Wall -O0 -g3 -I../../AlarmSystem_bsp/ps7_cortexa9_0/include -I"C:\Users\diane\OneDrive\Desktop\AlarmSystem.sdk\AlarmSystem" -I"C:\Users\diane\OneDrive\Desktop\AlarmSystem.sdk\AlarmSystem\inc" -c -fmessage-length=0 -MT"src/clock.o" -mcpu=cortex-a9 -mfpu=vfpv3 -mfloat-abi=hard -MMD -MP -MF"src/clock.d" -MT"src/clock.o" -o "src/clock.o" "../src/clock.c"
../src/clock.c: In function 'Clock_SetAlarm':
../src/clock.c:150:19: warning: passing argument 2 of 'FormatDate' from incompatible pointer type [-Wincompatible-pointer-types]
  FormatDate(time, dBuff);
                   ^~~~~
In file included from ../src/clock.c:11:
C:\Users\diane\OneDrive\Desktop\AlarmSystem.sdk\AlarmSystem\inc/data_handle.h:9:34: note: expected 'char *' but argument is of type 'char **'
 void FormatDate(Time time, char* buffer);
                            ~~~~~~^~~~~~
../src/clock.c:151:19: warning: passing argument 2 of 'FormatTime' from incompatible pointer type [-Wincompatible-pointer-types]
  FormatTime(time, tBuff);
                   ^~~~~
In file included from ../src/clock.c:11:
C:\Users\diane\OneDrive\Desktop\AlarmSystem.sdk\AlarmSystem\inc/data_handle.h:10:34: note: expected 'char *' but argument is of type 'char **'
 void FormatTime(Time time, char* buffer);
                            ~~~~~~^~~~~~
'Finished building: ../src/clock.c'
' '
'Building file: ../src/data_handle.c'
'Invoking: ARM v7 gcc compiler'
arm-none-eabi-gcc -Wall -O0 -g3 -I../../AlarmSystem_bsp/ps7_cortexa9_0/include -I"C:\Users\diane\OneDrive\Desktop\AlarmSystem.sdk\AlarmSystem" -I"C:\Users\diane\OneDrive\Desktop\AlarmSystem.sdk\AlarmSystem\inc" -c -fmessage-length=0 -MT"src/data_handle.o" -mcpu=cortex-a9 -mfpu=vfpv3 -mfloat-abi=hard -MMD -MP -MF"src/data_handle.d" -MT"src/data_handle.o" -o "src/data_handle.o" "../src/data_handle.c"
'Finished building: ../src/data_handle.c'
' '
'Building file: ../src/interrupt_handler.c'
'Invoking: ARM v7 gcc compiler'
arm-none-eabi-gcc -Wall -O0 -g3 -I../../AlarmSystem_bsp/ps7_cortexa9_0/include -I"C:\Users\diane\OneDrive\Desktop\AlarmSystem.sdk\AlarmSystem" -I"C:\Users\diane\OneDrive\Desktop\AlarmSystem.sdk\AlarmSystem\inc" -c -fmessage-length=0 -MT"src/interrupt_handler.o" -mcpu=cortex-a9 -mfpu=vfpv3 -mfloat-abi=hard -MMD -MP -MF"src/interrupt_handler.d" -MT"src/interrupt_handler.o" -o "src/interrupt_handler.o" "../src/interrupt_handler.c"
'Finished building: ../src/interrupt_handler.c'
' '
'Building file: ../src/io.c'
'Invoking: ARM v7 gcc compiler'
arm-none-eabi-gcc -Wall -O0 -g3 -I../../AlarmSystem_bsp/ps7_cortexa9_0/include -I"C:\Users\diane\OneDrive\Desktop\AlarmSystem.sdk\AlarmSystem" -I"C:\Users\diane\OneDrive\Desktop\AlarmSystem.sdk\AlarmSystem\inc" -c -fmessage-length=0 -MT"src/io.o" -mcpu=cortex-a9 -mfpu=vfpv3 -mfloat-abi=hard -MMD -MP -MF"src/io.d" -MT"src/io.o" -o "src/io.o" "../src/io.c"
'Finished building: ../src/io.c'
' '
'Building file: ../src/lab7.c'
'Invoking: ARM v7 gcc compiler'
arm-none-eabi-gcc -Wall -O0 -g3 -I../../AlarmSystem_bsp/ps7_cortexa9_0/include -I"C:\Users\diane\OneDrive\Desktop\AlarmSystem.sdk\AlarmSystem" -I"C:\Users\diane\OneDrive\Desktop\AlarmSystem.sdk\AlarmSystem\inc" -c -fmessage-length=0 -MT"src/lab7.o" -mcpu=cortex-a9 -mfpu=vfpv3 -mfloat-abi=hard -MMD -MP -MF"src/lab7.d" -MT"src/lab7.o" -o "src/lab7.o" "../src/lab7.c"
'Finished building: ../src/lab7.c'
' '
'Building file: ../src/main.c'
'Invoking: ARM v7 gcc compiler'
arm-none-eabi-gcc -Wall -O0 -g3 -I../../AlarmSystem_bsp/ps7_cortexa9_0/include -I"C:\Users\diane\OneDrive\Desktop\AlarmSystem.sdk\AlarmSystem" -I"C:\Users\diane\OneDrive\Desktop\AlarmSystem.sdk\AlarmSystem\inc" -c -fmessage-length=0 -MT"src/main.o" -mcpu=cortex-a9 -mfpu=vfpv3 -mfloat-abi=hard -MMD -MP -MF"src/main.d" -MT"src/main.o" -o "src/main.o" "../src/main.c"
'Finished building: ../src/main.c'
' '
'Building file: ../src/oled.c'
'Invoking: ARM v7 gcc compiler'
arm-none-eabi-gcc -Wall -O0 -g3 -I../../AlarmSystem_bsp/ps7_cortexa9_0/include -I"C:\Users\diane\OneDrive\Desktop\AlarmSystem.sdk\AlarmSystem" -I"C:\Users\diane\OneDrive\Desktop\AlarmSystem.sdk\AlarmSystem\inc" -c -fmessage-length=0 -MT"src/oled.o" -mcpu=cortex-a9 -mfpu=vfpv3 -mfloat-abi=hard -MMD -MP -MF"src/oled.d" -MT"src/oled.o" -o "src/oled.o" "../src/oled.c"
'Finished building: ../src/oled.c'
' '
'Building target: AlarmSystem.elf'
'Invoking: ARM v7 gcc linker'
arm-none-eabi-gcc -mcpu=cortex-a9 -mfpu=vfpv3 -mfloat-abi=hard -Wl,-build-id=none -specs=Xilinx.spec -Wl,-T -Wl,../src/lscript.ld -L../../AlarmSystem_bsp/ps7_cortexa9_0/lib -o "AlarmSystem.elf"  ./src/clock.o ./src/data_handle.o ./src/interrupt_handler.o ./src/io.o ./src/lab7.o ./src/main.o ./src/oled.o   -Wl,--start-group,-lxil,-lgcc,-lc,--end-group
'Finished building target: AlarmSystem.elf'
' '
'Invoking: ARM v7 Print Size'
arm-none-eabi-size AlarmSystem.elf  |tee "AlarmSystem.elf.size"
   text	   data	    bss	    dec	    hex	filename
  87428	   3504	  24704	 115636	  1c3b4	AlarmSystem.elf
'Finished building: AlarmSystem.elf.size'
' '
04:22:39 **** Auto Build of configuration Debug for project AlarmSystem ****
make pre-build main-build 
a9-linaro-pre-build-step
' '
'Building file: ../src/clock.c'
'Invoking: ARM v7 gcc compiler'
arm-none-eabi-gcc -Wall -O0 -g3 -I../../AlarmSystem_bsp/ps7_cortexa9_0/include -I"C:\Users\diane\OneDrive\Desktop\AlarmSystem.sdk\AlarmSystem" -I"C:\Users\diane\OneDrive\Desktop\AlarmSystem.sdk\AlarmSystem\inc" -c -fmessage-length=0 -MT"src/clock.o" -mcpu=cortex-a9 -mfpu=vfpv3 -mfloat-abi=hard -MMD -MP -MF"src/clock.d" -MT"src/clock.o" -o "src/clock.o" "../src/clock.c"
../src/clock.c: In function 'Clock_SetAlarm':
../src/clock.c:150:19: warning: passing argument 2 of 'FormatDate' from incompatible pointer type [-Wincompatible-pointer-types]
  FormatDate(time, dBuff);
                   ^~~~~
In file included from ../src/clock.c:11:
C:\Users\diane\OneDrive\Desktop\AlarmSystem.sdk\AlarmSystem\inc/data_handle.h:9:34: note: expected 'char *' but argument is of type 'char **'
 void FormatDate(Time time, char* buffer);
                            ~~~~~~^~~~~~
../src/clock.c:151:19: warning: passing argument 2 of 'FormatTime' from incompatible pointer type [-Wincompatible-pointer-types]
  FormatTime(time, tBuff);
                   ^~~~~
In file included from ../src/clock.c:11:
C:\Users\diane\OneDrive\Desktop\AlarmSystem.sdk\AlarmSystem\inc/data_handle.h:10:34: note: expected 'char *' but argument is of type 'char **'
 void FormatTime(Time time, char* buffer);
                            ~~~~~~^~~~~~
'Finished building: ../src/clock.c'
' '
'Building target: AlarmSystem.elf'
'Invoking: ARM v7 gcc linker'
arm-none-eabi-gcc -mcpu=cortex-a9 -mfpu=vfpv3 -mfloat-abi=hard -Wl,-build-id=none -specs=Xilinx.spec -Wl,-T -Wl,../src/lscript.ld -L../../AlarmSystem_bsp/ps7_cortexa9_0/lib -o "AlarmSystem.elf"  ./src/clock.o ./src/data_handle.o ./src/interrupt_handler.o ./src/io.o ./src/lab7.o ./src/main.o ./src/oled.o   -Wl,--start-group,-lxil,-lgcc,-lc,--end-group
'Finished building target: AlarmSystem.elf'
' '
'Invoking: ARM v7 Print Size'
arm-none-eabi-size AlarmSystem.elf  |tee "AlarmSystem.elf.size"
   text	   data	    bss	    dec	    hex	filename
  87428	   3504	  24704	 115636	  1c3b4	AlarmSystem.elf
'Finished building: AlarmSystem.elf.size'
' '
04:24:40 **** Auto Build of configuration Debug for project AlarmSystem ****
make pre-build main-build 
a9-linaro-pre-build-step
' '
'Building file: ../src/clock.c'
'Invoking: ARM v7 gcc compiler'
arm-none-eabi-gcc -Wall -O0 -g3 -I../../AlarmSystem_bsp/ps7_cortexa9_0/include -I"C:\Users\diane\OneDrive\Desktop\AlarmSystem.sdk\AlarmSystem" -I"C:\Users\diane\OneDrive\Desktop\AlarmSystem.sdk\AlarmSystem\inc" -c -fmessage-length=0 -MT"src/clock.o" -mcpu=cortex-a9 -mfpu=vfpv3 -mfloat-abi=hard -MMD -MP -MF"src/clock.d" -MT"src/clock.o" -o "src/clock.o" "../src/clock.c"
'Finished building: ../src/clock.c'
' '
'Building target: AlarmSystem.elf'
'Invoking: ARM v7 gcc linker'
arm-none-eabi-gcc -mcpu=cortex-a9 -mfpu=vfpv3 -mfloat-abi=hard -Wl,-build-id=none -specs=Xilinx.spec -Wl,-T -Wl,../src/lscript.ld -L../../AlarmSystem_bsp/ps7_cortexa9_0/lib -o "AlarmSystem.elf"  ./src/clock.o ./src/data_handle.o ./src/interrupt_handler.o ./src/io.o ./src/lab7.o ./src/main.o ./src/oled.o   -Wl,--start-group,-lxil,-lgcc,-lc,--end-group
'Finished building target: AlarmSystem.elf'
' '
'Invoking: ARM v7 Print Size'
arm-none-eabi-size AlarmSystem.elf  |tee "AlarmSystem.elf.size"
   text	   data	    bss	    dec	    hex	filename
  87428	   3504	  24704	 115636	  1c3b4	AlarmSystem.elf
'Finished building: AlarmSystem.elf.size'
' '
04:25:50 **** Auto Build of configuration Debug for project AlarmSystem ****
make pre-build main-build 
a9-linaro-pre-build-step
' '
'Building file: ../src/interrupt_handler.c'
'Invoking: ARM v7 gcc compiler'
arm-none-eabi-gcc -Wall -O0 -g3 -I../../AlarmSystem_bsp/ps7_cortexa9_0/include -I"C:\Users\diane\OneDrive\Desktop\AlarmSystem.sdk\AlarmSystem" -I"C:\Users\diane\OneDrive\Desktop\AlarmSystem.sdk\AlarmSystem\inc" -c -fmessage-length=0 -MT"src/interrupt_handler.o" -mcpu=cortex-a9 -mfpu=vfpv3 -mfloat-abi=hard -MMD -MP -MF"src/interrupt_handler.d" -MT"src/interrupt_handler.o" -o "src/interrupt_handler.o" "../src/interrupt_handler.c"
../src/interrupt_handler.c: In function 'Push_Intr_Handler':
../src/interrupt_handler.c:164:5: warning: implicit declaration of function 'Oled_TimedMessage' [-Wimplicit-function-declaration]
     Oled_TimedMessage("+10s",2000);
     ^~~~~~~~~~~~~~~~~
'Finished building: ../src/interrupt_handler.c'
' '
'Building target: AlarmSystem.elf'
'Invoking: ARM v7 gcc linker'
arm-none-eabi-gcc -mcpu=cortex-a9 -mfpu=vfpv3 -mfloat-abi=hard -Wl,-build-id=none -specs=Xilinx.spec -Wl,-T -Wl,../src/lscript.ld -L../../AlarmSystem_bsp/ps7_cortexa9_0/lib -o "AlarmSystem.elf"  ./src/clock.o ./src/data_handle.o ./src/interrupt_handler.o ./src/io.o ./src/lab7.o ./src/main.o ./src/oled.o   -Wl,--start-group,-lxil,-lgcc,-lc,--end-group
'Finished building target: AlarmSystem.elf'
' '
'Invoking: ARM v7 Print Size'
arm-none-eabi-size AlarmSystem.elf  |tee "AlarmSystem.elf.size"
   text	   data	    bss	    dec	    hex	filename
  87436	   3504	  24704	 115644	  1c3bc	AlarmSystem.elf
'Finished building: AlarmSystem.elf.size'
' '
04:26:07 **** Auto Build of configuration Debug for project AlarmSystem ****
make pre-build main-build 
a9-linaro-pre-build-step
' '
'Building file: ../src/interrupt_handler.c'
'Invoking: ARM v7 gcc compiler'
arm-none-eabi-gcc -Wall -O0 -g3 -I../../AlarmSystem_bsp/ps7_cortexa9_0/include -I"C:\Users\diane\OneDrive\Desktop\AlarmSystem.sdk\AlarmSystem" -I"C:\Users\diane\OneDrive\Desktop\AlarmSystem.sdk\AlarmSystem\inc" -c -fmessage-length=0 -MT"src/interrupt_handler.o" -mcpu=cortex-a9 -mfpu=vfpv3 -mfloat-abi=hard -MMD -MP -MF"src/interrupt_handler.d" -MT"src/interrupt_handler.o" -o "src/interrupt_handler.o" "../src/interrupt_handler.c"
'Finished building: ../src/interrupt_handler.c'
' '
'Building target: AlarmSystem.elf'
'Invoking: ARM v7 gcc linker'
arm-none-eabi-gcc -mcpu=cortex-a9 -mfpu=vfpv3 -mfloat-abi=hard -Wl,-build-id=none -specs=Xilinx.spec -Wl,-T -Wl,../src/lscript.ld -L../../AlarmSystem_bsp/ps7_cortexa9_0/lib -o "AlarmSystem.elf"  ./src/clock.o ./src/data_handle.o ./src/interrupt_handler.o ./src/io.o ./src/lab7.o ./src/main.o ./src/oled.o   -Wl,--start-group,-lxil,-lgcc,-lc,--end-group
'Finished building target: AlarmSystem.elf'
' '
'Invoking: ARM v7 Print Size'
arm-none-eabi-size AlarmSystem.elf  |tee "AlarmSystem.elf.size"
   text	   data	    bss	    dec	    hex	filename
  87436	   3504	  24704	 115644	  1c3bc	AlarmSystem.elf
'Finished building: AlarmSystem.elf.size'
' '
04:29:10 **** Auto Build of configuration Debug for project AlarmSystem ****
make pre-build main-build 
a9-linaro-pre-build-step
' '
'Building file: ../src/interrupt_handler.c'
'Invoking: ARM v7 gcc compiler'
arm-none-eabi-gcc -Wall -O0 -g3 -I../../AlarmSystem_bsp/ps7_cortexa9_0/include -I"C:\Users\diane\OneDrive\Desktop\AlarmSystem.sdk\AlarmSystem" -I"C:\Users\diane\OneDrive\Desktop\AlarmSystem.sdk\AlarmSystem\inc" -c -fmessage-length=0 -MT"src/interrupt_handler.o" -mcpu=cortex-a9 -mfpu=vfpv3 -mfloat-abi=hard -MMD -MP -MF"src/interrupt_handler.d" -MT"src/interrupt_handler.o" -o "src/interrupt_handler.o" "../src/interrupt_handler.c"
'Finished building: ../src/interrupt_handler.c'
' '
'Building file: ../src/io.c'
'Invoking: ARM v7 gcc compiler'
arm-none-eabi-gcc -Wall -O0 -g3 -I../../AlarmSystem_bsp/ps7_cortexa9_0/include -I"C:\Users\diane\OneDrive\Desktop\AlarmSystem.sdk\AlarmSystem" -I"C:\Users\diane\OneDrive\Desktop\AlarmSystem.sdk\AlarmSystem\inc" -c -fmessage-length=0 -MT"src/io.o" -mcpu=cortex-a9 -mfpu=vfpv3 -mfloat-abi=hard -MMD -MP -MF"src/io.d" -MT"src/io.o" -o "src/io.o" "../src/io.c"
'Finished building: ../src/io.c'
' '
'Building file: ../src/main.c'
'Invoking: ARM v7 gcc compiler'
arm-none-eabi-gcc -Wall -O0 -g3 -I../../AlarmSystem_bsp/ps7_cortexa9_0/include -I"C:\Users\diane\OneDrive\Desktop\AlarmSystem.sdk\AlarmSystem" -I"C:\Users\diane\OneDrive\Desktop\AlarmSystem.sdk\AlarmSystem\inc" -c -fmessage-length=0 -MT"src/main.o" -mcpu=cortex-a9 -mfpu=vfpv3 -mfloat-abi=hard -MMD -MP -MF"src/main.d" -MT"src/main.o" -o "src/main.o" "../src/main.c"
'Finished building: ../src/main.c'
' '
'Building target: AlarmSystem.elf'
'Invoking: ARM v7 gcc linker'
arm-none-eabi-gcc -mcpu=cortex-a9 -mfpu=vfpv3 -mfloat-abi=hard -Wl,-build-id=none -specs=Xilinx.spec -Wl,-T -Wl,../src/lscript.ld -L../../AlarmSystem_bsp/ps7_cortexa9_0/lib -o "AlarmSystem.elf"  ./src/clock.o ./src/data_handle.o ./src/interrupt_handler.o ./src/io.o ./src/lab7.o ./src/main.o ./src/oled.o   -Wl,--start-group,-lxil,-lgcc,-lc,--end-group
'Finished building target: AlarmSystem.elf'
' '
'Invoking: ARM v7 Print Size'
arm-none-eabi-size AlarmSystem.elf  |tee "AlarmSystem.elf.size"
   text	   data	    bss	    dec	    hex	filename
  87436	   3504	  24704	 115644	  1c3bc	AlarmSystem.elf
'Finished building: AlarmSystem.elf.size'
' '
04:36:02 **** Auto Build of configuration Debug for project AlarmSystem ****
make pre-build main-build 
a9-linaro-pre-build-step
' '
'Building file: ../src/interrupt_handler.c'
'Invoking: ARM v7 gcc compiler'
arm-none-eabi-gcc -Wall -O0 -g3 -I../../AlarmSystem_bsp/ps7_cortexa9_0/include -I"C:\Users\diane\OneDrive\Desktop\AlarmSystem.sdk\AlarmSystem" -I"C:\Users\diane\OneDrive\Desktop\AlarmSystem.sdk\AlarmSystem\inc" -c -fmessage-length=0 -MT"src/interrupt_handler.o" -mcpu=cortex-a9 -mfpu=vfpv3 -mfloat-abi=hard -MMD -MP -MF"src/interrupt_handler.d" -MT"src/interrupt_handler.o" -o "src/interrupt_handler.o" "../src/interrupt_handler.c"
../src/interrupt_handler.c: In function 'Push_Intr_Handler':
../src/interrupt_handler.c:163:22: warning: initialization of 'char' from 'char *' makes integer from pointer without a cast [-Wint-conversion]
    char ShowVallue = "10";
                      ^~~~
../src/interrupt_handler.c:167:6: error: 'timeMultiplier' undeclared (first use in this function); did you mean 'TimeMultiplier'?
      timeMultiplier = 1;
      ^~~~~~~~~~~~~~
      TimeMultiplier
../src/interrupt_handler.c:167:6: note: each undeclared identifier is reported only once for each function it appears in
../src/interrupt_handler.c:169:6: error: expected '=', ',', ';', 'asm' or '__attribute__' before 'break'
      break;
      ^~~~~
../src/interrupt_handler.c:164:9: warning: unused variable 'dataBuffer' [-Wunused-variable]
    char dataBuffer[10];
         ^~~~~~~~~~
../src/interrupt_handler.c:163:9: warning: unused variable 'ShowVallue' [-Wunused-variable]
    char ShowVallue = "10";
         ^~~~~~~~~~
../src/interrupt_handler.c:162:9: warning: unused variable 'AddingValue' [-Wunused-variable]
    char AddingValue = 'S';
         ^~~~~~~~~~~
../src/interrupt_handler.c:161:8: warning: variable 'TimeMultiplier' set but not used [-Wunused-but-set-variable]
    int TimeMultiplier =0;
        ^~~~~~~~~~~~~~
make: *** [src/subdir.mk:41: src/interrupt_handler.o] Error 1
04:40:31 **** Auto Build of configuration Debug for project AlarmSystem ****
make pre-build main-build 
a9-linaro-pre-build-step
' '
'Building file: ../src/interrupt_handler.c'
'Invoking: ARM v7 gcc compiler'
arm-none-eabi-gcc -Wall -O0 -g3 -I../../AlarmSystem_bsp/ps7_cortexa9_0/include -I"C:\Users\diane\OneDrive\Desktop\AlarmSystem.sdk\AlarmSystem" -I"C:\Users\diane\OneDrive\Desktop\AlarmSystem.sdk\AlarmSystem\inc" -c -fmessage-length=0 -MT"src/interrupt_handler.o" -mcpu=cortex-a9 -mfpu=vfpv3 -mfloat-abi=hard -MMD -MP -MF"src/interrupt_handler.d" -MT"src/interrupt_handler.o" -o "src/interrupt_handler.o" "../src/interrupt_handler.c"
../src/interrupt_handler.c: In function 'Push_Intr_Handler':
../src/interrupt_handler.c:168:6: warning: implicit declaration of function 'snprintf' [-Wimplicit-function-declaration]
      snprintf(dataBuffer,10,"+",ShowValue%60,AddingValue);
      ^~~~~~~~
../src/interrupt_handler.c:168:6: warning: incompatible implicit declaration of built-in function 'snprintf'
../src/interrupt_handler.c:168:6: note: include '<stdio.h>' or provide a declaration of 'snprintf'
../src/interrupt_handler.c:11:1:
+#include <stdio.h>
 
../src/interrupt_handler.c:168:6:
      snprintf(dataBuffer,10,"+",ShowValue%60,AddingValue);
      ^~~~~~~~
../src/interrupt_handler.c:168:29: warning: too many arguments for format [-Wformat-extra-args]
      snprintf(dataBuffer,10,"+",ShowValue%60,AddingValue);
                             ^~~
../src/interrupt_handler.c:161:8: warning: variable 'TimeMultiplier' set but not used [-Wunused-but-set-variable]
    int TimeMultiplier =0;
        ^~~~~~~~~~~~~~
'Finished building: ../src/interrupt_handler.c'
' '
'Building target: AlarmSystem.elf'
'Invoking: ARM v7 gcc linker'
arm-none-eabi-gcc -mcpu=cortex-a9 -mfpu=vfpv3 -mfloat-abi=hard -Wl,-build-id=none -specs=Xilinx.spec -Wl,-T -Wl,../src/lscript.ld -L../../AlarmSystem_bsp/ps7_cortexa9_0/lib -o "AlarmSystem.elf"  ./src/clock.o ./src/data_handle.o ./src/interrupt_handler.o ./src/io.o ./src/lab7.o ./src/main.o ./src/oled.o   -Wl,--start-group,-lxil,-lgcc,-lc,--end-group
'Finished building target: AlarmSystem.elf'
' '
'Invoking: ARM v7 Print Size'
arm-none-eabi-size AlarmSystem.elf  |tee "AlarmSystem.elf.size"
   text	   data	    bss	    dec	    hex	filename
  87700	   3504	  24704	 115908	  1c4c4	AlarmSystem.elf
'Finished building: AlarmSystem.elf.size'
' '
04:40:46 **** Auto Build of configuration Debug for project AlarmSystem ****
make pre-build main-build 
a9-linaro-pre-build-step
' '
'Building file: ../src/interrupt_handler.c'
'Invoking: ARM v7 gcc compiler'
arm-none-eabi-gcc -Wall -O0 -g3 -I../../AlarmSystem_bsp/ps7_cortexa9_0/include -I"C:\Users\diane\OneDrive\Desktop\AlarmSystem.sdk\AlarmSystem" -I"C:\Users\diane\OneDrive\Desktop\AlarmSystem.sdk\AlarmSystem\inc" -c -fmessage-length=0 -MT"src/interrupt_handler.o" -mcpu=cortex-a9 -mfpu=vfpv3 -mfloat-abi=hard -MMD -MP -MF"src/interrupt_handler.d" -MT"src/interrupt_handler.o" -o "src/interrupt_handler.o" "../src/interrupt_handler.c"
../src/interrupt_handler.c: In function 'Push_Intr_Handler':
../src/interrupt_handler.c:168:29: warning: too many arguments for format [-Wformat-extra-args]
      snprintf(dataBuffer,10,"+",ShowValue%60,AddingValue);
                             ^~~
../src/interrupt_handler.c:161:8: warning: variable 'TimeMultiplier' set but not used [-Wunused-but-set-variable]
    int TimeMultiplier =0;
        ^~~~~~~~~~~~~~
'Finished building: ../src/interrupt_handler.c'
' '
'Building target: AlarmSystem.elf'
'Invoking: ARM v7 gcc linker'
arm-none-eabi-gcc -mcpu=cortex-a9 -mfpu=vfpv3 -mfloat-abi=hard -Wl,-build-id=none -specs=Xilinx.spec -Wl,-T -Wl,../src/lscript.ld -L../../AlarmSystem_bsp/ps7_cortexa9_0/lib -o "AlarmSystem.elf"  ./src/clock.o ./src/data_handle.o ./src/interrupt_handler.o ./src/io.o ./src/lab7.o ./src/main.o ./src/oled.o   -Wl,--start-group,-lxil,-lgcc,-lc,--end-group
'Finished building target: AlarmSystem.elf'
' '
'Invoking: ARM v7 Print Size'
arm-none-eabi-size AlarmSystem.elf  |tee "AlarmSystem.elf.size"
   text	   data	    bss	    dec	    hex	filename
  87700	   3504	  24704	 115908	  1c4c4	AlarmSystem.elf
'Finished building: AlarmSystem.elf.size'
' '
04:41:51 **** Auto Build of configuration Debug for project AlarmSystem ****
make pre-build main-build 
a9-linaro-pre-build-step
' '
'Building file: ../src/interrupt_handler.c'
'Invoking: ARM v7 gcc compiler'
arm-none-eabi-gcc -Wall -O0 -g3 -I../../AlarmSystem_bsp/ps7_cortexa9_0/include -I"C:\Users\diane\OneDrive\Desktop\AlarmSystem.sdk\AlarmSystem" -I"C:\Users\diane\OneDrive\Desktop\AlarmSystem.sdk\AlarmSystem\inc" -c -fmessage-length=0 -MT"src/interrupt_handler.o" -mcpu=cortex-a9 -mfpu=vfpv3 -mfloat-abi=hard -MMD -MP -MF"src/interrupt_handler.d" -MT"src/interrupt_handler.o" -o "src/interrupt_handler.o" "../src/interrupt_handler.c"
../src/interrupt_handler.c: In function 'Push_Intr_Handler':
../src/interrupt_handler.c:168:29: warning: too many arguments for format [-Wformat-extra-args]
      snprintf(dataBuffer,10,"+",ShowValue,AddingValue);
                             ^~~
../src/interrupt_handler.c:161:8: warning: variable 'TimeMultiplier' set but not used [-Wunused-but-set-variable]
    int TimeMultiplier =0;
        ^~~~~~~~~~~~~~
'Finished building: ../src/interrupt_handler.c'
' '
'Building target: AlarmSystem.elf'
'Invoking: ARM v7 gcc linker'
arm-none-eabi-gcc -mcpu=cortex-a9 -mfpu=vfpv3 -mfloat-abi=hard -Wl,-build-id=none -specs=Xilinx.spec -Wl,-T -Wl,../src/lscript.ld -L../../AlarmSystem_bsp/ps7_cortexa9_0/lib -o "AlarmSystem.elf"  ./src/clock.o ./src/data_handle.o ./src/interrupt_handler.o ./src/io.o ./src/lab7.o ./src/main.o ./src/oled.o   -Wl,--start-group,-lxil,-lgcc,-lc,--end-group
'Finished building target: AlarmSystem.elf'
' '
'Invoking: ARM v7 Print Size'
arm-none-eabi-size AlarmSystem.elf  |tee "AlarmSystem.elf.size"
   text	   data	    bss	    dec	    hex	filename
  87636	   3504	  24704	 115844	  1c484	AlarmSystem.elf
'Finished building: AlarmSystem.elf.size'
' '
04:42:03 **** Auto Build of configuration Debug for project AlarmSystem ****
make pre-build main-build 
a9-linaro-pre-build-step
' '
'Building file: ../src/interrupt_handler.c'
'Invoking: ARM v7 gcc compiler'
arm-none-eabi-gcc -Wall -O0 -g3 -I../../AlarmSystem_bsp/ps7_cortexa9_0/include -I"C:\Users\diane\OneDrive\Desktop\AlarmSystem.sdk\AlarmSystem" -I"C:\Users\diane\OneDrive\Desktop\AlarmSystem.sdk\AlarmSystem\inc" -c -fmessage-length=0 -MT"src/interrupt_handler.o" -mcpu=cortex-a9 -mfpu=vfpv3 -mfloat-abi=hard -MMD -MP -MF"src/interrupt_handler.d" -MT"src/interrupt_handler.o" -o "src/interrupt_handler.o" "../src/interrupt_handler.c"
../src/interrupt_handler.c: In function 'Push_Intr_Handler':
../src/interrupt_handler.c:168:29: warning: too many arguments for format [-Wformat-extra-args]
      snprintf(dataBuffer,30,"+",ShowValue,AddingValue);
                             ^~~
../src/interrupt_handler.c:161:8: warning: variable 'TimeMultiplier' set but not used [-Wunused-but-set-variable]
    int TimeMultiplier =0;
        ^~~~~~~~~~~~~~
'Finished building: ../src/interrupt_handler.c'
' '
'Building target: AlarmSystem.elf'
'Invoking: ARM v7 gcc linker'
arm-none-eabi-gcc -mcpu=cortex-a9 -mfpu=vfpv3 -mfloat-abi=hard -Wl,-build-id=none -specs=Xilinx.spec -Wl,-T -Wl,../src/lscript.ld -L../../AlarmSystem_bsp/ps7_cortexa9_0/lib -o "AlarmSystem.elf"  ./src/clock.o ./src/data_handle.o ./src/interrupt_handler.o ./src/io.o ./src/lab7.o ./src/main.o ./src/oled.o   -Wl,--start-group,-lxil,-lgcc,-lc,--end-group
'Finished building target: AlarmSystem.elf'
' '
'Invoking: ARM v7 Print Size'
arm-none-eabi-size AlarmSystem.elf  |tee "AlarmSystem.elf.size"
   text	   data	    bss	    dec	    hex	filename
  87636	   3504	  24704	 115844	  1c484	AlarmSystem.elf
'Finished building: AlarmSystem.elf.size'
' '
04:42:12 **** Auto Build of configuration Debug for project AlarmSystem ****
make pre-build main-build 
a9-linaro-pre-build-step
' '
'Building file: ../src/interrupt_handler.c'
'Invoking: ARM v7 gcc compiler'
arm-none-eabi-gcc -Wall -O0 -g3 -I../../AlarmSystem_bsp/ps7_cortexa9_0/include -I"C:\Users\diane\OneDrive\Desktop\AlarmSystem.sdk\AlarmSystem" -I"C:\Users\diane\OneDrive\Desktop\AlarmSystem.sdk\AlarmSystem\inc" -c -fmessage-length=0 -MT"src/interrupt_handler.o" -mcpu=cortex-a9 -mfpu=vfpv3 -mfloat-abi=hard -MMD -MP -MF"src/interrupt_handler.d" -MT"src/interrupt_handler.o" -o "src/interrupt_handler.o" "../src/interrupt_handler.c"
../src/interrupt_handler.c: In function 'Push_Intr_Handler':
../src/interrupt_handler.c:168:29: warning: too many arguments for format [-Wformat-extra-args]
      snprintf(dataBuffer,30,"+",ShowValue,AddingValue);
                             ^~~
../src/interrupt_handler.c:161:8: warning: variable 'TimeMultiplier' set but not used [-Wunused-but-set-variable]
    int TimeMultiplier =0;
        ^~~~~~~~~~~~~~
'Finished building: ../src/interrupt_handler.c'
' '
'Building target: AlarmSystem.elf'
'Invoking: ARM v7 gcc linker'
arm-none-eabi-gcc -mcpu=cortex-a9 -mfpu=vfpv3 -mfloat-abi=hard -Wl,-build-id=none -specs=Xilinx.spec -Wl,-T -Wl,../src/lscript.ld -L../../AlarmSystem_bsp/ps7_cortexa9_0/lib -o "AlarmSystem.elf"  ./src/clock.o ./src/data_handle.o ./src/interrupt_handler.o ./src/io.o ./src/lab7.o ./src/main.o ./src/oled.o   -Wl,--start-group,-lxil,-lgcc,-lc,--end-group
'Finished building target: AlarmSystem.elf'
' '
'Invoking: ARM v7 Print Size'
arm-none-eabi-size AlarmSystem.elf  |tee "AlarmSystem.elf.size"
   text	   data	    bss	    dec	    hex	filename
  87636	   3504	  24704	 115844	  1c484	AlarmSystem.elf
'Finished building: AlarmSystem.elf.size'
' '
04:42:52 **** Auto Build of configuration Debug for project AlarmSystem ****
make pre-build main-build 
a9-linaro-pre-build-step
' '
'Building file: ../src/interrupt_handler.c'
'Invoking: ARM v7 gcc compiler'
arm-none-eabi-gcc -Wall -O0 -g3 -I../../AlarmSystem_bsp/ps7_cortexa9_0/include -I"C:\Users\diane\OneDrive\Desktop\AlarmSystem.sdk\AlarmSystem" -I"C:\Users\diane\OneDrive\Desktop\AlarmSystem.sdk\AlarmSystem\inc" -c -fmessage-length=0 -MT"src/interrupt_handler.o" -mcpu=cortex-a9 -mfpu=vfpv3 -mfloat-abi=hard -MMD -MP -MF"src/interrupt_handler.d" -MT"src/interrupt_handler.o" -o "src/interrupt_handler.o" "../src/interrupt_handler.c"
../src/interrupt_handler.c: In function 'Push_Intr_Handler':
../src/interrupt_handler.c:168:15: error: 'buffer' undeclared (first use in this function); did you mean 'setbuffer'?
      snprintf(buffer, 20, "%02x:%02x:%02x AM", time.hour, time.minute,time.second);
               ^~~~~~
               setbuffer
../src/interrupt_handler.c:168:15: note: each undeclared identifier is reported only once for each function it appears in
../src/interrupt_handler.c:168:48: error: 'time' undeclared (first use in this function); did you mean 'Time'?
      snprintf(buffer, 20, "%02x:%02x:%02x AM", time.hour, time.minute,time.second);
                                                ^~~~
                                                Time
../src/interrupt_handler.c:164:9: warning: unused variable 'dataBuffer' [-Wunused-variable]
    char dataBuffer[100];
         ^~~~~~~~~~
../src/interrupt_handler.c:163:9: warning: unused variable 'ShowValue' [-Wunused-variable]
    char ShowValue = 10;
         ^~~~~~~~~
../src/interrupt_handler.c:162:9: warning: unused variable 'AddingValue' [-Wunused-variable]
    char AddingValue = 'S';
         ^~~~~~~~~~~
../src/interrupt_handler.c:161:8: warning: variable 'TimeMultiplier' set but not used [-Wunused-but-set-variable]
    int TimeMultiplier =0;
        ^~~~~~~~~~~~~~
make: *** [src/subdir.mk:41: src/interrupt_handler.o] Error 1
04:43:57 **** Auto Build of configuration Debug for project AlarmSystem ****
make pre-build main-build 
a9-linaro-pre-build-step
' '
'Building file: ../src/interrupt_handler.c'
'Invoking: ARM v7 gcc compiler'
arm-none-eabi-gcc -Wall -O0 -g3 -I../../AlarmSystem_bsp/ps7_cortexa9_0/include -I"C:\Users\diane\OneDrive\Desktop\AlarmSystem.sdk\AlarmSystem" -I"C:\Users\diane\OneDrive\Desktop\AlarmSystem.sdk\AlarmSystem\inc" -c -fmessage-length=0 -MT"src/interrupt_handler.o" -mcpu=cortex-a9 -mfpu=vfpv3 -mfloat-abi=hard -MMD -MP -MF"src/interrupt_handler.d" -MT"src/interrupt_handler.o" -o "src/interrupt_handler.o" "../src/interrupt_handler.c"
../src/interrupt_handler.c: In function 'Push_Intr_Handler':
../src/interrupt_handler.c:168:47: error: 'time' undeclared (first use in this function); did you mean 'Time'?
      snprintf(dataBuffer, 20, "+", ShowValue, time.minute,time.second);
                                               ^~~~
                                               Time
../src/interrupt_handler.c:168:47: note: each undeclared identifier is reported only once for each function it appears in
../src/interrupt_handler.c:162:9: warning: unused variable 'AddingValue' [-Wunused-variable]
    char AddingValue = 'S';
         ^~~~~~~~~~~
../src/interrupt_handler.c:161:8: warning: variable 'TimeMultiplier' set but not used [-Wunused-but-set-variable]
    int TimeMultiplier =0;
        ^~~~~~~~~~~~~~
make: *** [src/subdir.mk:41: src/interrupt_handler.o] Error 1
04:44:26 **** Auto Build of configuration Debug for project AlarmSystem ****
make pre-build main-build 
a9-linaro-pre-build-step
' '
'Building file: ../src/interrupt_handler.c'
'Invoking: ARM v7 gcc compiler'
arm-none-eabi-gcc -Wall -O0 -g3 -I../../AlarmSystem_bsp/ps7_cortexa9_0/include -I"C:\Users\diane\OneDrive\Desktop\AlarmSystem.sdk\AlarmSystem" -I"C:\Users\diane\OneDrive\Desktop\AlarmSystem.sdk\AlarmSystem\inc" -c -fmessage-length=0 -MT"src/interrupt_handler.o" -mcpu=cortex-a9 -mfpu=vfpv3 -mfloat-abi=hard -MMD -MP -MF"src/interrupt_handler.d" -MT"src/interrupt_handler.o" -o "src/interrupt_handler.o" "../src/interrupt_handler.c"
../src/interrupt_handler.c: In function 'Push_Intr_Handler':
../src/interrupt_handler.c:168:31: warning: too many arguments for format [-Wformat-extra-args]
      snprintf(dataBuffer, 20, "+", ShowValue%60,AddingValue);
                               ^~~
../src/interrupt_handler.c:161:8: warning: variable 'TimeMultiplier' set but not used [-Wunused-but-set-variable]
    int TimeMultiplier =0;
        ^~~~~~~~~~~~~~
'Finished building: ../src/interrupt_handler.c'
' '
'Building target: AlarmSystem.elf'
'Invoking: ARM v7 gcc linker'
arm-none-eabi-gcc -mcpu=cortex-a9 -mfpu=vfpv3 -mfloat-abi=hard -Wl,-build-id=none -specs=Xilinx.spec -Wl,-T -Wl,../src/lscript.ld -L../../AlarmSystem_bsp/ps7_cortexa9_0/lib -o "AlarmSystem.elf"  ./src/clock.o ./src/data_handle.o ./src/interrupt_handler.o ./src/io.o ./src/lab7.o ./src/main.o ./src/oled.o   -Wl,--start-group,-lxil,-lgcc,-lc,--end-group
'Finished building target: AlarmSystem.elf'
' '
'Invoking: ARM v7 Print Size'
arm-none-eabi-size AlarmSystem.elf  |tee "AlarmSystem.elf.size"
   text	   data	    bss	    dec	    hex	filename
  87700	   3504	  24704	 115908	  1c4c4	AlarmSystem.elf
'Finished building: AlarmSystem.elf.size'
' '
04:45:13 **** Auto Build of configuration Debug for project AlarmSystem ****
make pre-build main-build 
a9-linaro-pre-build-step
' '
'Building file: ../src/interrupt_handler.c'
'Invoking: ARM v7 gcc compiler'
arm-none-eabi-gcc -Wall -O0 -g3 -I../../AlarmSystem_bsp/ps7_cortexa9_0/include -I"C:\Users\diane\OneDrive\Desktop\AlarmSystem.sdk\AlarmSystem" -I"C:\Users\diane\OneDrive\Desktop\AlarmSystem.sdk\AlarmSystem\inc" -c -fmessage-length=0 -MT"src/interrupt_handler.o" -mcpu=cortex-a9 -mfpu=vfpv3 -mfloat-abi=hard -MMD -MP -MF"src/interrupt_handler.d" -MT"src/interrupt_handler.o" -o "src/interrupt_handler.o" "../src/interrupt_handler.c"
../src/interrupt_handler.c: In function 'Push_Intr_Handler':
../src/interrupt_handler.c:168:31: warning: too many arguments for format [-Wformat-extra-args]
      snprintf(dataBuffer, 20, "+", ShowValue,AddingValue);
                               ^~~
../src/interrupt_handler.c:161:8: warning: variable 'TimeMultiplier' set but not used [-Wunused-but-set-variable]
    int TimeMultiplier =0;
        ^~~~~~~~~~~~~~
'Finished building: ../src/interrupt_handler.c'
' '
'Building target: AlarmSystem.elf'
'Invoking: ARM v7 gcc linker'
arm-none-eabi-gcc -mcpu=cortex-a9 -mfpu=vfpv3 -mfloat-abi=hard -Wl,-build-id=none -specs=Xilinx.spec -Wl,-T -Wl,../src/lscript.ld -L../../AlarmSystem_bsp/ps7_cortexa9_0/lib -o "AlarmSystem.elf"  ./src/clock.o ./src/data_handle.o ./src/interrupt_handler.o ./src/io.o ./src/lab7.o ./src/main.o ./src/oled.o   -Wl,--start-group,-lxil,-lgcc,-lc,--end-group
'Finished building target: AlarmSystem.elf'
' '
'Invoking: ARM v7 Print Size'
arm-none-eabi-size AlarmSystem.elf  |tee "AlarmSystem.elf.size"
   text	   data	    bss	    dec	    hex	filename
  87636	   3504	  24704	 115844	  1c484	AlarmSystem.elf
'Finished building: AlarmSystem.elf.size'
' '
04:45:20 **** Auto Build of configuration Debug for project AlarmSystem ****
make pre-build main-build 
a9-linaro-pre-build-step
' '
'Building file: ../src/interrupt_handler.c'
'Invoking: ARM v7 gcc compiler'
arm-none-eabi-gcc -Wall -O0 -g3 -I../../AlarmSystem_bsp/ps7_cortexa9_0/include -I"C:\Users\diane\OneDrive\Desktop\AlarmSystem.sdk\AlarmSystem" -I"C:\Users\diane\OneDrive\Desktop\AlarmSystem.sdk\AlarmSystem\inc" -c -fmessage-length=0 -MT"src/interrupt_handler.o" -mcpu=cortex-a9 -mfpu=vfpv3 -mfloat-abi=hard -MMD -MP -MF"src/interrupt_handler.d" -MT"src/interrupt_handler.o" -o "src/interrupt_handler.o" "../src/interrupt_handler.c"
../src/interrupt_handler.c: In function 'Push_Intr_Handler':
../src/interrupt_handler.c:168:31: warning: too many arguments for format [-Wformat-extra-args]
      snprintf(dataBuffer, 20, "+", ShowValue,AddingValue);
                               ^~~
../src/interrupt_handler.c:161:8: warning: variable 'TimeMultiplier' set but not used [-Wunused-but-set-variable]
    int TimeMultiplier;
        ^~~~~~~~~~~~~~
'Finished building: ../src/interrupt_handler.c'
' '
'Building target: AlarmSystem.elf'
'Invoking: ARM v7 gcc linker'
arm-none-eabi-gcc -mcpu=cortex-a9 -mfpu=vfpv3 -mfloat-abi=hard -Wl,-build-id=none -specs=Xilinx.spec -Wl,-T -Wl,../src/lscript.ld -L../../AlarmSystem_bsp/ps7_cortexa9_0/lib -o "AlarmSystem.elf"  ./src/clock.o ./src/data_handle.o ./src/interrupt_handler.o ./src/io.o ./src/lab7.o ./src/main.o ./src/oled.o   -Wl,--start-group,-lxil,-lgcc,-lc,--end-group
'Finished building target: AlarmSystem.elf'
' '
'Invoking: ARM v7 Print Size'
arm-none-eabi-size AlarmSystem.elf  |tee "AlarmSystem.elf.size"
   text	   data	    bss	    dec	    hex	filename
  87636	   3504	  24704	 115844	  1c484	AlarmSystem.elf
'Finished building: AlarmSystem.elf.size'
' '
04:46:12 **** Auto Build of configuration Debug for project AlarmSystem ****
make pre-build main-build 
a9-linaro-pre-build-step
' '
'Building file: ../src/interrupt_handler.c'
'Invoking: ARM v7 gcc compiler'
arm-none-eabi-gcc -Wall -O0 -g3 -I../../AlarmSystem_bsp/ps7_cortexa9_0/include -I"C:\Users\diane\OneDrive\Desktop\AlarmSystem.sdk\AlarmSystem" -I"C:\Users\diane\OneDrive\Desktop\AlarmSystem.sdk\AlarmSystem\inc" -c -fmessage-length=0 -MT"src/interrupt_handler.o" -mcpu=cortex-a9 -mfpu=vfpv3 -mfloat-abi=hard -MMD -MP -MF"src/interrupt_handler.d" -MT"src/interrupt_handler.o" -o "src/interrupt_handler.o" "../src/interrupt_handler.c"
../src/interrupt_handler.c: In function 'Push_Intr_Handler':
../src/interrupt_handler.c:168:31: warning: too many arguments for format [-Wformat-extra-args]
      snprintf(dataBuffer, 20, "+", ShowValue*TimeMultiplier,AddingValue);
                               ^~~
'Finished building: ../src/interrupt_handler.c'
' '
'Building target: AlarmSystem.elf'
'Invoking: ARM v7 gcc linker'
arm-none-eabi-gcc -mcpu=cortex-a9 -mfpu=vfpv3 -mfloat-abi=hard -Wl,-build-id=none -specs=Xilinx.spec -Wl,-T -Wl,../src/lscript.ld -L../../AlarmSystem_bsp/ps7_cortexa9_0/lib -o "AlarmSystem.elf"  ./src/clock.o ./src/data_handle.o ./src/interrupt_handler.o ./src/io.o ./src/lab7.o ./src/main.o ./src/oled.o   -Wl,--start-group,-lxil,-lgcc,-lc,--end-group
'Finished building target: AlarmSystem.elf'
' '
'Invoking: ARM v7 Print Size'
arm-none-eabi-size AlarmSystem.elf  |tee "AlarmSystem.elf.size"
   text	   data	    bss	    dec	    hex	filename
  87636	   3504	  24704	 115844	  1c484	AlarmSystem.elf
'Finished building: AlarmSystem.elf.size'
' '
04:52:04 **** Auto Build of configuration Debug for project AlarmSystem ****
make pre-build main-build 
a9-linaro-pre-build-step
' '
'Building file: ../src/interrupt_handler.c'
'Invoking: ARM v7 gcc compiler'
arm-none-eabi-gcc -Wall -O0 -g3 -I../../AlarmSystem_bsp/ps7_cortexa9_0/include -I"C:\Users\diane\OneDrive\Desktop\AlarmSystem.sdk\AlarmSystem" -I"C:\Users\diane\OneDrive\Desktop\AlarmSystem.sdk\AlarmSystem\inc" -c -fmessage-length=0 -MT"src/interrupt_handler.o" -mcpu=cortex-a9 -mfpu=vfpv3 -mfloat-abi=hard -MMD -MP -MF"src/interrupt_handler.d" -MT"src/interrupt_handler.o" -o "src/interrupt_handler.o" "../src/interrupt_handler.c"
../src/interrupt_handler.c: In function 'Push_Intr_Handler':
../src/interrupt_handler.c:170:31: warning: too many arguments for format [-Wformat-extra-args]
      snprintf(dataBuffer, 20, "+", finalTime,AddingValue);
                               ^~~
../src/interrupt_handler.c:173:6: error: a label can only be part of a statement and a declaration is not a statement
      char AddingValue = 'M';
      ^~~~
../src/interrupt_handler.c:177:31: warning: too many arguments for format [-Wformat-extra-args]
      snprintf(dataBuffer, 20, "+", finalTime,AddingValue);
                               ^~~
../src/interrupt_handler.c:180:6: error: a label can only be part of a statement and a declaration is not a statement
      char AddingValue = 'M';
      ^~~~
../src/interrupt_handler.c:180:11: error: redefinition of 'AddingValue'
      char AddingValue = 'M';
           ^~~~~~~~~~~
../src/interrupt_handler.c:173:11: note: previous definition of 'AddingValue' was here
      char AddingValue = 'M';
           ^~~~~~~~~~~
../src/interrupt_handler.c:183:31: warning: too many arguments for format [-Wformat-extra-args]
      snprintf(dataBuffer, 20, "+", ShowValue*TimeMultiplier,AddingValue);
                               ^~~
make: *** [src/subdir.mk:41: src/interrupt_handler.o] Error 1
04:52:36 **** Auto Build of configuration Debug for project AlarmSystem ****
make pre-build main-build 
a9-linaro-pre-build-step
' '
'Building file: ../src/interrupt_handler.c'
'Invoking: ARM v7 gcc compiler'
arm-none-eabi-gcc -Wall -O0 -g3 -I../../AlarmSystem_bsp/ps7_cortexa9_0/include -I"C:\Users\diane\OneDrive\Desktop\AlarmSystem.sdk\AlarmSystem" -I"C:\Users\diane\OneDrive\Desktop\AlarmSystem.sdk\AlarmSystem\inc" -c -fmessage-length=0 -MT"src/interrupt_handler.o" -mcpu=cortex-a9 -mfpu=vfpv3 -mfloat-abi=hard -MMD -MP -MF"src/interrupt_handler.d" -MT"src/interrupt_handler.o" -o "src/interrupt_handler.o" "../src/interrupt_handler.c"
../src/interrupt_handler.c: In function 'Push_Intr_Handler':
../src/interrupt_handler.c:173:6: error: a label can only be part of a statement and a declaration is not a statement
      char AddingValue = 'M';
      ^~~~
../src/interrupt_handler.c:180:6: error: a label can only be part of a statement and a declaration is not a statement
      char AddingValue = 'M';
      ^~~~
../src/interrupt_handler.c:180:11: error: redefinition of 'AddingValue'
      char AddingValue = 'M';
           ^~~~~~~~~~~
../src/interrupt_handler.c:173:11: note: previous definition of 'AddingValue' was here
      char AddingValue = 'M';
           ^~~~~~~~~~~
../src/interrupt_handler.c:183:31: warning: too many arguments for format [-Wformat-extra-args]
      snprintf(dataBuffer, 20, "+", ShowValue*TimeMultiplier,AddingValue);
                               ^~~
../src/interrupt_handler.c:187:29: warning: too many arguments for format [-Wformat-extra-args]
    snprintf(dataBuffer, 20, "+", finalTime,AddingValue);
                             ^~~
make: *** [src/subdir.mk:41: src/interrupt_handler.o] Error 1
04:52:51 **** Auto Build of configuration Debug for project AlarmSystem ****
make pre-build main-build 
a9-linaro-pre-build-step
' '
'Building file: ../src/interrupt_handler.c'
'Invoking: ARM v7 gcc compiler'
arm-none-eabi-gcc -Wall -O0 -g3 -I../../AlarmSystem_bsp/ps7_cortexa9_0/include -I"C:\Users\diane\OneDrive\Desktop\AlarmSystem.sdk\AlarmSystem" -I"C:\Users\diane\OneDrive\Desktop\AlarmSystem.sdk\AlarmSystem\inc" -c -fmessage-length=0 -MT"src/interrupt_handler.o" -mcpu=cortex-a9 -mfpu=vfpv3 -mfloat-abi=hard -MMD -MP -MF"src/interrupt_handler.d" -MT"src/interrupt_handler.o" -o "src/interrupt_handler.o" "../src/interrupt_handler.c"
../src/interrupt_handler.c: In function 'Push_Intr_Handler':
../src/interrupt_handler.c:183:31: warning: too many arguments for format [-Wformat-extra-args]
      snprintf(dataBuffer, 20, "+", ShowValue*TimeMultiplier,AddingValue);
                               ^~~
../src/interrupt_handler.c:187:29: warning: too many arguments for format [-Wformat-extra-args]
    snprintf(dataBuffer, 20, "+", finalTime,AddingValue);
                             ^~~
'Finished building: ../src/interrupt_handler.c'
' '
'Building target: AlarmSystem.elf'
'Invoking: ARM v7 gcc linker'
arm-none-eabi-gcc -mcpu=cortex-a9 -mfpu=vfpv3 -mfloat-abi=hard -Wl,-build-id=none -specs=Xilinx.spec -Wl,-T -Wl,../src/lscript.ld -L../../AlarmSystem_bsp/ps7_cortexa9_0/lib -o "AlarmSystem.elf"  ./src/clock.o ./src/data_handle.o ./src/interrupt_handler.o ./src/io.o ./src/lab7.o ./src/main.o ./src/oled.o   -Wl,--start-group,-lxil,-lgcc,-lc,--end-group
'Finished building target: AlarmSystem.elf'
' '
'Invoking: ARM v7 Print Size'
arm-none-eabi-size AlarmSystem.elf  |tee "AlarmSystem.elf.size"
   text	   data	    bss	    dec	    hex	filename
  87764	   3504	  24704	 115972	  1c504	AlarmSystem.elf
'Finished building: AlarmSystem.elf.size'
' '
04:52:57 **** Auto Build of configuration Debug for project AlarmSystem ****
make pre-build main-build 
a9-linaro-pre-build-step
' '
'Building file: ../src/interrupt_handler.c'
'Invoking: ARM v7 gcc compiler'
arm-none-eabi-gcc -Wall -O0 -g3 -I../../AlarmSystem_bsp/ps7_cortexa9_0/include -I"C:\Users\diane\OneDrive\Desktop\AlarmSystem.sdk\AlarmSystem" -I"C:\Users\diane\OneDrive\Desktop\AlarmSystem.sdk\AlarmSystem\inc" -c -fmessage-length=0 -MT"src/interrupt_handler.o" -mcpu=cortex-a9 -mfpu=vfpv3 -mfloat-abi=hard -MMD -MP -MF"src/interrupt_handler.d" -MT"src/interrupt_handler.o" -o "src/interrupt_handler.o" "../src/interrupt_handler.c"
../src/interrupt_handler.c: In function 'Push_Intr_Handler':
../src/interrupt_handler.c:187:29: warning: too many arguments for format [-Wformat-extra-args]
    snprintf(dataBuffer, 20, "+", finalTime,AddingValue);
                             ^~~
'Finished building: ../src/interrupt_handler.c'
' '
'Building target: AlarmSystem.elf'
'Invoking: ARM v7 gcc linker'
arm-none-eabi-gcc -mcpu=cortex-a9 -mfpu=vfpv3 -mfloat-abi=hard -Wl,-build-id=none -specs=Xilinx.spec -Wl,-T -Wl,../src/lscript.ld -L../../AlarmSystem_bsp/ps7_cortexa9_0/lib -o "AlarmSystem.elf"  ./src/clock.o ./src/data_handle.o ./src/interrupt_handler.o ./src/io.o ./src/lab7.o ./src/main.o ./src/oled.o   -Wl,--start-group,-lxil,-lgcc,-lc,--end-group
'Finished building target: AlarmSystem.elf'
' '
'Invoking: ARM v7 Print Size'
arm-none-eabi-size AlarmSystem.elf  |tee "AlarmSystem.elf.size"
   text	   data	    bss	    dec	    hex	filename
  87764	   3504	  24704	 115972	  1c504	AlarmSystem.elf
'Finished building: AlarmSystem.elf.size'
' '
04:57:52 **** Auto Build of configuration Debug for project AlarmSystem ****
make pre-build main-build 
a9-linaro-pre-build-step
' '
'Building file: ../src/interrupt_handler.c'
'Invoking: ARM v7 gcc compiler'
arm-none-eabi-gcc -Wall -O0 -g3 -I../../AlarmSystem_bsp/ps7_cortexa9_0/include -I"C:\Users\diane\OneDrive\Desktop\AlarmSystem.sdk\AlarmSystem" -I"C:\Users\diane\OneDrive\Desktop\AlarmSystem.sdk\AlarmSystem\inc" -c -fmessage-length=0 -MT"src/interrupt_handler.o" -mcpu=cortex-a9 -mfpu=vfpv3 -mfloat-abi=hard -MMD -MP -MF"src/interrupt_handler.d" -MT"src/interrupt_handler.o" -o "src/interrupt_handler.o" "../src/interrupt_handler.c"
../src/interrupt_handler.c: In function 'Push_Intr_Handler':
../src/interrupt_handler.c:189:29: warning: too many arguments for format [-Wformat-extra-args]
    snprintf(dataBuffer, 20, "+", finalTime,AddingValue);
                             ^~~
../src/interrupt_handler.c:240:29: warning: too many arguments for format [-Wformat-extra-args]
    snprintf(dataBuffer, 20, "-", finalTime,AddingValue);
                             ^~~
'Finished building: ../src/interrupt_handler.c'
' '
'Building target: AlarmSystem.elf'
'Invoking: ARM v7 gcc linker'
arm-none-eabi-gcc -mcpu=cortex-a9 -mfpu=vfpv3 -mfloat-abi=hard -Wl,-build-id=none -specs=Xilinx.spec -Wl,-T -Wl,../src/lscript.ld -L../../AlarmSystem_bsp/ps7_cortexa9_0/lib -o "AlarmSystem.elf"  ./src/clock.o ./src/data_handle.o ./src/interrupt_handler.o ./src/io.o ./src/lab7.o ./src/main.o ./src/oled.o   -Wl,--start-group,-lxil,-lgcc,-lc,--end-group
'Finished building target: AlarmSystem.elf'
' '
'Invoking: ARM v7 Print Size'
arm-none-eabi-size AlarmSystem.elf  |tee "AlarmSystem.elf.size"
   text	   data	    bss	    dec	    hex	filename
  88132	   3504	  24704	 116340	  1c674	AlarmSystem.elf
'Finished building: AlarmSystem.elf.size'
' '
