Copyright 1986-2019 Xilinx, Inc. All Rights Reserved.
------------------------------------------------------------------------------------
| Tool Version : Vivado v.2019.1 (win64) Build 2552052 Fri May 24 14:49:42 MDT 2019
| Date         : Fri Dec  1 16:06:18 2023
| Host         : DESKTOP-9DRVH73 running 64-bit major release  (build 9200)
| Command      : upgrade_ip
| Device       : xc7z020clg400-1
------------------------------------------------------------------------------------

Upgrade Log for IP 'system_PmodRTCC_0_0'

1. Summary
----------

SUCCESS in the conversion of system_PmodRTCC_0_0 (digilentinc.com:IP:PmodRTCC:1.0 (Rev. 13)) to Vivado generation flows.






Copyright 1986-2019 Xilinx, Inc. All Rights Reserved.
------------------------------------------------------------------------------------
| Tool Version : Vivado v.2019.1 (win64) Build 2552052 Fri May 24 14:49:42 MDT 2019
| Date         : Fri Dec  1 16:06:18 2023
| Host         : DESKTOP-9DRVH73 running 64-bit major release  (build 9200)
| Command      : upgrade_ip
| Device       : xc7z020clg400-1
------------------------------------------------------------------------------------

Upgrade Log for IP 'system_PmodOLED_0_0'

1. Summary
----------

SUCCESS in the conversion of system_PmodOLED_0_0 (digilentinc.com:IP:PmodOLED:1.0 (Rev. 18)) to Vivado generation flows.

