
*** Running vivado
    with args -log system_wrapper.vdi -applog -m64 -product Vivado -messageDb vivado.pb -mode batch -source system_wrapper.tcl -notrace


****** Vivado v2019.1 (64-bit)
  **** SW Build 2552052 on Fri May 24 14:49:42 MDT 2019
  **** IP Build 2548770 on Fri May 24 18:01:18 MDT 2019
    ** Copyright 1986-2019 Xilinx, Inc. All Rights Reserved.

source system_wrapper.tcl -notrace
INFO: [IP_Flow 19-234] Refreshing IP repositories
INFO: [IP_Flow 19-1700] Loaded user IP repository 'c:/Xilinx/Downloads/vivado-library-v2019.1-1'.
INFO: [IP_Flow 19-2313] Loaded Vivado IP repository 'C:/Xilinx/Vivado/2019.1/data/ip'.
Command: link_design -top system_wrapper -part xc7z020clg400-1
Design is defaulting to srcset: sources_1
Design is defaulting to constrset: constrs_1
INFO: [Device 21-403] Loading part xc7z020clg400-1
INFO: [Project 1-454] Reading design checkpoint 'c:/X_Projects/AlarmSystem/AlarmSystem.srcs/sources_1/bd/system/ip/system_axi_gpio_1_1/system_axi_gpio_1_1.dcp' for cell 'system_i/Buttons'
INFO: [Project 1-454] Reading design checkpoint 'c:/X_Projects/AlarmSystem/AlarmSystem.srcs/sources_1/bd/system/ip/system_PmodOLED_0_0/system_PmodOLED_0_0.dcp' for cell 'system_i/PmodOLED_0'
INFO: [Project 1-454] Reading design checkpoint 'c:/X_Projects/AlarmSystem/AlarmSystem.srcs/sources_1/bd/system/ip/system_PmodRTCC_0_0/system_PmodRTCC_0_0.dcp' for cell 'system_i/PmodRTCC_0'
INFO: [Project 1-454] Reading design checkpoint 'c:/X_Projects/AlarmSystem/AlarmSystem.srcs/sources_1/bd/system/ip/system_axi_gpio_0_1/system_axi_gpio_0_1.dcp' for cell 'system_i/Switches'
INFO: [Project 1-454] Reading design checkpoint 'c:/X_Projects/AlarmSystem/AlarmSystem.srcs/sources_1/bd/system/ip/system_axi_gpio_1_0/system_axi_gpio_1_0.dcp' for cell 'system_i/led_ip'
INFO: [Project 1-454] Reading design checkpoint 'c:/X_Projects/AlarmSystem/AlarmSystem.srcs/sources_1/bd/system/ip/system_processing_system7_0_0/system_processing_system7_0_0.dcp' for cell 'system_i/processing_system7_0'
INFO: [Project 1-454] Reading design checkpoint 'c:/X_Projects/AlarmSystem/AlarmSystem.srcs/sources_1/bd/system/ip/system_rst_ps7_0_50M_0/system_rst_ps7_0_50M_0.dcp' for cell 'system_i/rst_ps7_0_50M'
INFO: [Project 1-454] Reading design checkpoint 'c:/X_Projects/AlarmSystem/AlarmSystem.srcs/sources_1/bd/system/ip/system_xbar_0/system_xbar_0.dcp' for cell 'system_i/ps7_0_axi_periph/xbar'
INFO: [Project 1-454] Reading design checkpoint 'c:/X_Projects/AlarmSystem/AlarmSystem.srcs/sources_1/bd/system/ip/system_auto_pc_0/system_auto_pc_0.dcp' for cell 'system_i/ps7_0_axi_periph/s00_couplers/auto_pc'
INFO: [Netlist 29-17] Analyzing 62 Unisim elements for replacement
INFO: [Netlist 29-28] Unisim Transformation completed in 0 CPU seconds
INFO: [Project 1-479] Netlist was created with Vivado 2019.1
INFO: [Project 1-570] Preparing netlist for logic optimization
Parsing XDC File [c:/X_Projects/AlarmSystem/AlarmSystem.srcs/sources_1/bd/system/ip/system_processing_system7_0_0/system_processing_system7_0_0.xdc] for cell 'system_i/processing_system7_0/inst'
Finished Parsing XDC File [c:/X_Projects/AlarmSystem/AlarmSystem.srcs/sources_1/bd/system/ip/system_processing_system7_0_0/system_processing_system7_0_0.xdc] for cell 'system_i/processing_system7_0/inst'
Parsing XDC File [c:/X_Projects/AlarmSystem/AlarmSystem.srcs/sources_1/bd/system/ip/system_PmodOLED_0_0/system_PmodOLED_0_0_board.xdc] for cell 'system_i/PmodOLED_0/inst'
Finished Parsing XDC File [c:/X_Projects/AlarmSystem/AlarmSystem.srcs/sources_1/bd/system/ip/system_PmodOLED_0_0/system_PmodOLED_0_0_board.xdc] for cell 'system_i/PmodOLED_0/inst'
Parsing XDC File [c:/X_Projects/AlarmSystem/AlarmSystem.srcs/sources_1/bd/system/ip/system_PmodOLED_0_0/src/PmodOLED_pmod_bridge_0_0/PmodOLED_pmod_bridge_0_0_board.xdc] for cell 'system_i/PmodOLED_0/inst/pmod_bridge_0/inst'
Finished Parsing XDC File [c:/X_Projects/AlarmSystem/AlarmSystem.srcs/sources_1/bd/system/ip/system_PmodOLED_0_0/src/PmodOLED_pmod_bridge_0_0/PmodOLED_pmod_bridge_0_0_board.xdc] for cell 'system_i/PmodOLED_0/inst/pmod_bridge_0/inst'
Parsing XDC File [c:/X_Projects/AlarmSystem/AlarmSystem.srcs/sources_1/bd/system/ip/system_PmodOLED_0_0/src/PmodOLED_axi_quad_spi_0_0/PmodOLED_axi_quad_spi_0_0_board.xdc] for cell 'system_i/PmodOLED_0/inst/axi_quad_spi_0/U0'
Finished Parsing XDC File [c:/X_Projects/AlarmSystem/AlarmSystem.srcs/sources_1/bd/system/ip/system_PmodOLED_0_0/src/PmodOLED_axi_quad_spi_0_0/PmodOLED_axi_quad_spi_0_0_board.xdc] for cell 'system_i/PmodOLED_0/inst/axi_quad_spi_0/U0'
Parsing XDC File [c:/X_Projects/AlarmSystem/AlarmSystem.srcs/sources_1/bd/system/ip/system_PmodOLED_0_0/src/PmodOLED_axi_quad_spi_0_0/PmodOLED_axi_quad_spi_0_0.xdc] for cell 'system_i/PmodOLED_0/inst/axi_quad_spi_0/U0'
Finished Parsing XDC File [c:/X_Projects/AlarmSystem/AlarmSystem.srcs/sources_1/bd/system/ip/system_PmodOLED_0_0/src/PmodOLED_axi_quad_spi_0_0/PmodOLED_axi_quad_spi_0_0.xdc] for cell 'system_i/PmodOLED_0/inst/axi_quad_spi_0/U0'
Parsing XDC File [c:/X_Projects/AlarmSystem/AlarmSystem.srcs/sources_1/bd/system/ip/system_PmodOLED_0_0/src/PmodOLED_axi_gpio_0_0/PmodOLED_axi_gpio_0_0_board.xdc] for cell 'system_i/PmodOLED_0/inst/axi_gpio_0/U0'
Finished Parsing XDC File [c:/X_Projects/AlarmSystem/AlarmSystem.srcs/sources_1/bd/system/ip/system_PmodOLED_0_0/src/PmodOLED_axi_gpio_0_0/PmodOLED_axi_gpio_0_0_board.xdc] for cell 'system_i/PmodOLED_0/inst/axi_gpio_0/U0'
Parsing XDC File [c:/X_Projects/AlarmSystem/AlarmSystem.srcs/sources_1/bd/system/ip/system_PmodOLED_0_0/src/PmodOLED_axi_gpio_0_0/PmodOLED_axi_gpio_0_0.xdc] for cell 'system_i/PmodOLED_0/inst/axi_gpio_0/U0'
Finished Parsing XDC File [c:/X_Projects/AlarmSystem/AlarmSystem.srcs/sources_1/bd/system/ip/system_PmodOLED_0_0/src/PmodOLED_axi_gpio_0_0/PmodOLED_axi_gpio_0_0.xdc] for cell 'system_i/PmodOLED_0/inst/axi_gpio_0/U0'
Parsing XDC File [c:/X_Projects/AlarmSystem/AlarmSystem.srcs/sources_1/bd/system/ip/system_PmodRTCC_0_0/system_PmodRTCC_0_0_board.xdc] for cell 'system_i/PmodRTCC_0/inst'
Finished Parsing XDC File [c:/X_Projects/AlarmSystem/AlarmSystem.srcs/sources_1/bd/system/ip/system_PmodRTCC_0_0/system_PmodRTCC_0_0_board.xdc] for cell 'system_i/PmodRTCC_0/inst'
Parsing XDC File [c:/X_Projects/AlarmSystem/AlarmSystem.srcs/sources_1/bd/system/ip/system_PmodRTCC_0_0/src/PmodRTCC_axi_iic_0_0/PmodRTCC_axi_iic_0_0_board.xdc] for cell 'system_i/PmodRTCC_0/inst/axi_iic_0/U0'
Finished Parsing XDC File [c:/X_Projects/AlarmSystem/AlarmSystem.srcs/sources_1/bd/system/ip/system_PmodRTCC_0_0/src/PmodRTCC_axi_iic_0_0/PmodRTCC_axi_iic_0_0_board.xdc] for cell 'system_i/PmodRTCC_0/inst/axi_iic_0/U0'
Parsing XDC File [c:/X_Projects/AlarmSystem/AlarmSystem.srcs/sources_1/bd/system/ip/system_PmodRTCC_0_0/src/PmodRTCC_pmod_bridge_0_0/PmodRTCC_pmod_bridge_0_0_board.xdc] for cell 'system_i/PmodRTCC_0/inst/pmod_bridge_0/inst'
Finished Parsing XDC File [c:/X_Projects/AlarmSystem/AlarmSystem.srcs/sources_1/bd/system/ip/system_PmodRTCC_0_0/src/PmodRTCC_pmod_bridge_0_0/PmodRTCC_pmod_bridge_0_0_board.xdc] for cell 'system_i/PmodRTCC_0/inst/pmod_bridge_0/inst'
Parsing XDC File [c:/X_Projects/AlarmSystem/AlarmSystem.srcs/sources_1/bd/system/ip/system_rst_ps7_0_50M_0/system_rst_ps7_0_50M_0_board.xdc] for cell 'system_i/rst_ps7_0_50M/U0'
Finished Parsing XDC File [c:/X_Projects/AlarmSystem/AlarmSystem.srcs/sources_1/bd/system/ip/system_rst_ps7_0_50M_0/system_rst_ps7_0_50M_0_board.xdc] for cell 'system_i/rst_ps7_0_50M/U0'
Parsing XDC File [c:/X_Projects/AlarmSystem/AlarmSystem.srcs/sources_1/bd/system/ip/system_rst_ps7_0_50M_0/system_rst_ps7_0_50M_0.xdc] for cell 'system_i/rst_ps7_0_50M/U0'
Finished Parsing XDC File [c:/X_Projects/AlarmSystem/AlarmSystem.srcs/sources_1/bd/system/ip/system_rst_ps7_0_50M_0/system_rst_ps7_0_50M_0.xdc] for cell 'system_i/rst_ps7_0_50M/U0'
Parsing XDC File [c:/X_Projects/AlarmSystem/AlarmSystem.srcs/sources_1/bd/system/ip/system_axi_gpio_1_0/system_axi_gpio_1_0_board.xdc] for cell 'system_i/led_ip/U0'
Finished Parsing XDC File [c:/X_Projects/AlarmSystem/AlarmSystem.srcs/sources_1/bd/system/ip/system_axi_gpio_1_0/system_axi_gpio_1_0_board.xdc] for cell 'system_i/led_ip/U0'
Parsing XDC File [c:/X_Projects/AlarmSystem/AlarmSystem.srcs/sources_1/bd/system/ip/system_axi_gpio_1_0/system_axi_gpio_1_0.xdc] for cell 'system_i/led_ip/U0'
Finished Parsing XDC File [c:/X_Projects/AlarmSystem/AlarmSystem.srcs/sources_1/bd/system/ip/system_axi_gpio_1_0/system_axi_gpio_1_0.xdc] for cell 'system_i/led_ip/U0'
Parsing XDC File [c:/X_Projects/AlarmSystem/AlarmSystem.srcs/sources_1/bd/system/ip/system_axi_gpio_0_1/system_axi_gpio_0_1_board.xdc] for cell 'system_i/Switches/U0'
Finished Parsing XDC File [c:/X_Projects/AlarmSystem/AlarmSystem.srcs/sources_1/bd/system/ip/system_axi_gpio_0_1/system_axi_gpio_0_1_board.xdc] for cell 'system_i/Switches/U0'
Parsing XDC File [c:/X_Projects/AlarmSystem/AlarmSystem.srcs/sources_1/bd/system/ip/system_axi_gpio_0_1/system_axi_gpio_0_1.xdc] for cell 'system_i/Switches/U0'
Finished Parsing XDC File [c:/X_Projects/AlarmSystem/AlarmSystem.srcs/sources_1/bd/system/ip/system_axi_gpio_0_1/system_axi_gpio_0_1.xdc] for cell 'system_i/Switches/U0'
Parsing XDC File [c:/X_Projects/AlarmSystem/AlarmSystem.srcs/sources_1/bd/system/ip/system_axi_gpio_1_1/system_axi_gpio_1_1_board.xdc] for cell 'system_i/Buttons/U0'
Finished Parsing XDC File [c:/X_Projects/AlarmSystem/AlarmSystem.srcs/sources_1/bd/system/ip/system_axi_gpio_1_1/system_axi_gpio_1_1_board.xdc] for cell 'system_i/Buttons/U0'
Parsing XDC File [c:/X_Projects/AlarmSystem/AlarmSystem.srcs/sources_1/bd/system/ip/system_axi_gpio_1_1/system_axi_gpio_1_1.xdc] for cell 'system_i/Buttons/U0'
Finished Parsing XDC File [c:/X_Projects/AlarmSystem/AlarmSystem.srcs/sources_1/bd/system/ip/system_axi_gpio_1_1/system_axi_gpio_1_1.xdc] for cell 'system_i/Buttons/U0'
Parsing XDC File [c:/X_Projects/AlarmSystem/AlarmSystem.srcs/sources_1/bd/system/ip/system_PmodOLED_0_0/src/PmodOLED_axi_quad_spi_0_0/PmodOLED_axi_quad_spi_0_0_clocks.xdc] for cell 'system_i/PmodOLED_0/inst/axi_quad_spi_0/U0'
INFO: [Timing 38-35] Done setting XDC timing constraints. [c:/X_Projects/AlarmSystem/AlarmSystem.srcs/sources_1/bd/system/ip/system_PmodOLED_0_0/src/PmodOLED_axi_quad_spi_0_0/PmodOLED_axi_quad_spi_0_0_clocks.xdc:50]
Finished Parsing XDC File [c:/X_Projects/AlarmSystem/AlarmSystem.srcs/sources_1/bd/system/ip/system_PmodOLED_0_0/src/PmodOLED_axi_quad_spi_0_0/PmodOLED_axi_quad_spi_0_0_clocks.xdc] for cell 'system_i/PmodOLED_0/inst/axi_quad_spi_0/U0'
Sourcing Tcl File [C:/Xilinx/Vivado/2019.1/data/ip/xpm/xpm_cdc/tcl/xpm_cdc_gray.tcl] for cell 'system_i/PmodOLED_0/inst/axi_quad_spi_0/U0/NO_DUAL_QUAD_MODE.QSPI_NORMAL/QSPI_LEGACY_MD_GEN.QSPI_CORE_INTERFACE_I/FIFO_EXISTS.TX_FIFO_II/xpm_fifo_instance.xpm_fifo_async_inst/gnuram_async_fifo.xpm_fifo_base_inst/gen_cdc_pntr.rd_pntr_cdc_inst'
INFO: [Vivado 12-3272] Current instance is the top level cell 'system_i/PmodOLED_0/inst/axi_quad_spi_0/U0/NO_DUAL_QUAD_MODE.QSPI_NORMAL/QSPI_LEGACY_MD_GEN.QSPI_CORE_INTERFACE_I/FIFO_EXISTS.TX_FIFO_II/xpm_fifo_instance.xpm_fifo_async_inst/gnuram_async_fifo.xpm_fifo_base_inst/gen_cdc_pntr.rd_pntr_cdc_inst' of design 'design_1' [C:/Xilinx/Vivado/2019.1/data/ip/xpm/xpm_cdc/tcl/xpm_cdc_gray.tcl:16]
WARNING: [XPM_CDC_GRAY: TCL-1000] The source and destination clocks are the same. 
     Instance: system_i/PmodOLED_0/inst/axi_quad_spi_0/U0/NO_DUAL_QUAD_MODE.QSPI_NORMAL/QSPI_LEGACY_MD_GEN.QSPI_CORE_INTERFACE_I/FIFO_EXISTS.TX_FIFO_II/xpm_fifo_instance.xpm_fifo_async_inst/gnuram_async_fifo.xpm_fifo_base_inst/gen_cdc_pntr.rd_pntr_cdc_inst 
  This will add unnecessary latency to the design. Please check the design for the following: 
 1) Manually instantiated XPM_CDC modules: Xilinx recommends that you remove these modules. 
 2) Xilinx IP that contains XPM_CDC modules: Verify the connections to the IP to determine whether you can safely ignore this message.
 [C:/Xilinx/Vivado/2019.1/data/ip/xpm/xpm_cdc/tcl/xpm_cdc_gray.tcl:16]
Finished Sourcing Tcl File [C:/Xilinx/Vivado/2019.1/data/ip/xpm/xpm_cdc/tcl/xpm_cdc_gray.tcl] for cell 'system_i/PmodOLED_0/inst/axi_quad_spi_0/U0/NO_DUAL_QUAD_MODE.QSPI_NORMAL/QSPI_LEGACY_MD_GEN.QSPI_CORE_INTERFACE_I/FIFO_EXISTS.TX_FIFO_II/xpm_fifo_instance.xpm_fifo_async_inst/gnuram_async_fifo.xpm_fifo_base_inst/gen_cdc_pntr.rd_pntr_cdc_inst'
Sourcing Tcl File [C:/Xilinx/Vivado/2019.1/data/ip/xpm/xpm_cdc/tcl/xpm_cdc_gray.tcl] for cell 'system_i/PmodOLED_0/inst/axi_quad_spi_0/U0/NO_DUAL_QUAD_MODE.QSPI_NORMAL/QSPI_LEGACY_MD_GEN.QSPI_CORE_INTERFACE_I/FIFO_EXISTS.RX_FIFO_II/gnuram_async_fifo.xpm_fifo_base_inst/gen_cdc_pntr.wr_pntr_cdc_inst'
INFO: [Vivado 12-3272] Current instance is the top level cell 'system_i/PmodOLED_0/inst/axi_quad_spi_0/U0/NO_DUAL_QUAD_MODE.QSPI_NORMAL/QSPI_LEGACY_MD_GEN.QSPI_CORE_INTERFACE_I/FIFO_EXISTS.RX_FIFO_II/gnuram_async_fifo.xpm_fifo_base_inst/gen_cdc_pntr.wr_pntr_cdc_inst' of design 'design_1' [C:/Xilinx/Vivado/2019.1/data/ip/xpm/xpm_cdc/tcl/xpm_cdc_gray.tcl:16]
WARNING: [XPM_CDC_GRAY: TCL-1000] The source and destination clocks are the same. 
     Instance: system_i/PmodOLED_0/inst/axi_quad_spi_0/U0/NO_DUAL_QUAD_MODE.QSPI_NORMAL/QSPI_LEGACY_MD_GEN.QSPI_CORE_INTERFACE_I/FIFO_EXISTS.RX_FIFO_II/gnuram_async_fifo.xpm_fifo_base_inst/gen_cdc_pntr.wr_pntr_cdc_inst 
  This will add unnecessary latency to the design. Please check the design for the following: 
 1) Manually instantiated XPM_CDC modules: Xilinx recommends that you remove these modules. 
 2) Xilinx IP that contains XPM_CDC modules: Verify the connections to the IP to determine whether you can safely ignore this message.
 [C:/Xilinx/Vivado/2019.1/data/ip/xpm/xpm_cdc/tcl/xpm_cdc_gray.tcl:16]
Finished Sourcing Tcl File [C:/Xilinx/Vivado/2019.1/data/ip/xpm/xpm_cdc/tcl/xpm_cdc_gray.tcl] for cell 'system_i/PmodOLED_0/inst/axi_quad_spi_0/U0/NO_DUAL_QUAD_MODE.QSPI_NORMAL/QSPI_LEGACY_MD_GEN.QSPI_CORE_INTERFACE_I/FIFO_EXISTS.RX_FIFO_II/gnuram_async_fifo.xpm_fifo_base_inst/gen_cdc_pntr.wr_pntr_cdc_inst'
Sourcing Tcl File [C:/Xilinx/Vivado/2019.1/data/ip/xpm/xpm_cdc/tcl/xpm_cdc_gray.tcl] for cell 'system_i/PmodOLED_0/inst/axi_quad_spi_0/U0/NO_DUAL_QUAD_MODE.QSPI_NORMAL/QSPI_LEGACY_MD_GEN.QSPI_CORE_INTERFACE_I/FIFO_EXISTS.RX_FIFO_II/gnuram_async_fifo.xpm_fifo_base_inst/gen_cdc_pntr.rd_pntr_cdc_inst'
INFO: [Vivado 12-3272] Current instance is the top level cell 'system_i/PmodOLED_0/inst/axi_quad_spi_0/U0/NO_DUAL_QUAD_MODE.QSPI_NORMAL/QSPI_LEGACY_MD_GEN.QSPI_CORE_INTERFACE_I/FIFO_EXISTS.RX_FIFO_II/gnuram_async_fifo.xpm_fifo_base_inst/gen_cdc_pntr.rd_pntr_cdc_inst' of design 'design_1' [C:/Xilinx/Vivado/2019.1/data/ip/xpm/xpm_cdc/tcl/xpm_cdc_gray.tcl:16]
WARNING: [XPM_CDC_GRAY: TCL-1000] The source and destination clocks are the same. 
     Instance: system_i/PmodOLED_0/inst/axi_quad_spi_0/U0/NO_DUAL_QUAD_MODE.QSPI_NORMAL/QSPI_LEGACY_MD_GEN.QSPI_CORE_INTERFACE_I/FIFO_EXISTS.RX_FIFO_II/gnuram_async_fifo.xpm_fifo_base_inst/gen_cdc_pntr.rd_pntr_cdc_inst 
  This will add unnecessary latency to the design. Please check the design for the following: 
 1) Manually instantiated XPM_CDC modules: Xilinx recommends that you remove these modules. 
 2) Xilinx IP that contains XPM_CDC modules: Verify the connections to the IP to determine whether you can safely ignore this message.
 [C:/Xilinx/Vivado/2019.1/data/ip/xpm/xpm_cdc/tcl/xpm_cdc_gray.tcl:16]
Finished Sourcing Tcl File [C:/Xilinx/Vivado/2019.1/data/ip/xpm/xpm_cdc/tcl/xpm_cdc_gray.tcl] for cell 'system_i/PmodOLED_0/inst/axi_quad_spi_0/U0/NO_DUAL_QUAD_MODE.QSPI_NORMAL/QSPI_LEGACY_MD_GEN.QSPI_CORE_INTERFACE_I/FIFO_EXISTS.RX_FIFO_II/gnuram_async_fifo.xpm_fifo_base_inst/gen_cdc_pntr.rd_pntr_cdc_inst'
Sourcing Tcl File [C:/Xilinx/Vivado/2019.1/data/ip/xpm/xpm_cdc/tcl/xpm_cdc_gray.tcl] for cell 'system_i/PmodOLED_0/inst/axi_quad_spi_0/U0/NO_DUAL_QUAD_MODE.QSPI_NORMAL/QSPI_LEGACY_MD_GEN.QSPI_CORE_INTERFACE_I/FIFO_EXISTS.TX_FIFO_II/xpm_fifo_instance.xpm_fifo_async_inst/gnuram_async_fifo.xpm_fifo_base_inst/gen_cdc_pntr.wr_pntr_cdc_inst'
INFO: [Vivado 12-3272] Current instance is the top level cell 'system_i/PmodOLED_0/inst/axi_quad_spi_0/U0/NO_DUAL_QUAD_MODE.QSPI_NORMAL/QSPI_LEGACY_MD_GEN.QSPI_CORE_INTERFACE_I/FIFO_EXISTS.TX_FIFO_II/xpm_fifo_instance.xpm_fifo_async_inst/gnuram_async_fifo.xpm_fifo_base_inst/gen_cdc_pntr.wr_pntr_cdc_inst' of design 'design_1' [C:/Xilinx/Vivado/2019.1/data/ip/xpm/xpm_cdc/tcl/xpm_cdc_gray.tcl:16]
WARNING: [XPM_CDC_GRAY: TCL-1000] The source and destination clocks are the same. 
     Instance: system_i/PmodOLED_0/inst/axi_quad_spi_0/U0/NO_DUAL_QUAD_MODE.QSPI_NORMAL/QSPI_LEGACY_MD_GEN.QSPI_CORE_INTERFACE_I/FIFO_EXISTS.TX_FIFO_II/xpm_fifo_instance.xpm_fifo_async_inst/gnuram_async_fifo.xpm_fifo_base_inst/gen_cdc_pntr.wr_pntr_cdc_inst 
  This will add unnecessary latency to the design. Please check the design for the following: 
 1) Manually instantiated XPM_CDC modules: Xilinx recommends that you remove these modules. 
 2) Xilinx IP that contains XPM_CDC modules: Verify the connections to the IP to determine whether you can safely ignore this message.
 [C:/Xilinx/Vivado/2019.1/data/ip/xpm/xpm_cdc/tcl/xpm_cdc_gray.tcl:16]
Finished Sourcing Tcl File [C:/Xilinx/Vivado/2019.1/data/ip/xpm/xpm_cdc/tcl/xpm_cdc_gray.tcl] for cell 'system_i/PmodOLED_0/inst/axi_quad_spi_0/U0/NO_DUAL_QUAD_MODE.QSPI_NORMAL/QSPI_LEGACY_MD_GEN.QSPI_CORE_INTERFACE_I/FIFO_EXISTS.TX_FIFO_II/xpm_fifo_instance.xpm_fifo_async_inst/gnuram_async_fifo.xpm_fifo_base_inst/gen_cdc_pntr.wr_pntr_cdc_inst'
Sourcing Tcl File [C:/Xilinx/Vivado/2019.1/data/ip/xpm/xpm_cdc/tcl/xpm_cdc_gray.tcl] for cell 'system_i/PmodOLED_0/inst/axi_quad_spi_0/U0/NO_DUAL_QUAD_MODE.QSPI_NORMAL/QSPI_LEGACY_MD_GEN.QSPI_CORE_INTERFACE_I/FIFO_EXISTS.TX_FIFO_II/xpm_fifo_instance.xpm_fifo_async_inst/gnuram_async_fifo.xpm_fifo_base_inst/gen_cdc_pntr.wr_pntr_cdc_dc_inst'
INFO: [Vivado 12-3272] Current instance is the top level cell 'system_i/PmodOLED_0/inst/axi_quad_spi_0/U0/NO_DUAL_QUAD_MODE.QSPI_NORMAL/QSPI_LEGACY_MD_GEN.QSPI_CORE_INTERFACE_I/FIFO_EXISTS.TX_FIFO_II/xpm_fifo_instance.xpm_fifo_async_inst/gnuram_async_fifo.xpm_fifo_base_inst/gen_cdc_pntr.wr_pntr_cdc_dc_inst' of design 'design_1' [C:/Xilinx/Vivado/2019.1/data/ip/xpm/xpm_cdc/tcl/xpm_cdc_gray.tcl:16]
WARNING: [XPM_CDC_GRAY: TCL-1000] The source and destination clocks are the same. 
     Instance: system_i/PmodOLED_0/inst/axi_quad_spi_0/U0/NO_DUAL_QUAD_MODE.QSPI_NORMAL/QSPI_LEGACY_MD_GEN.QSPI_CORE_INTERFACE_I/FIFO_EXISTS.TX_FIFO_II/xpm_fifo_instance.xpm_fifo_async_inst/gnuram_async_fifo.xpm_fifo_base_inst/gen_cdc_pntr.wr_pntr_cdc_dc_inst 
  This will add unnecessary latency to the design. Please check the design for the following: 
 1) Manually instantiated XPM_CDC modules: Xilinx recommends that you remove these modules. 
 2) Xilinx IP that contains XPM_CDC modules: Verify the connections to the IP to determine whether you can safely ignore this message.
 [C:/Xilinx/Vivado/2019.1/data/ip/xpm/xpm_cdc/tcl/xpm_cdc_gray.tcl:16]
Finished Sourcing Tcl File [C:/Xilinx/Vivado/2019.1/data/ip/xpm/xpm_cdc/tcl/xpm_cdc_gray.tcl] for cell 'system_i/PmodOLED_0/inst/axi_quad_spi_0/U0/NO_DUAL_QUAD_MODE.QSPI_NORMAL/QSPI_LEGACY_MD_GEN.QSPI_CORE_INTERFACE_I/FIFO_EXISTS.TX_FIFO_II/xpm_fifo_instance.xpm_fifo_async_inst/gnuram_async_fifo.xpm_fifo_base_inst/gen_cdc_pntr.wr_pntr_cdc_dc_inst'
Sourcing Tcl File [C:/Xilinx/Vivado/2019.1/data/ip/xpm/xpm_cdc/tcl/xpm_cdc_gray.tcl] for cell 'system_i/PmodOLED_0/inst/axi_quad_spi_0/U0/NO_DUAL_QUAD_MODE.QSPI_NORMAL/QSPI_LEGACY_MD_GEN.QSPI_CORE_INTERFACE_I/FIFO_EXISTS.RX_FIFO_II/gnuram_async_fifo.xpm_fifo_base_inst/gen_cdc_pntr.wr_pntr_cdc_dc_inst'
INFO: [Vivado 12-3272] Current instance is the top level cell 'system_i/PmodOLED_0/inst/axi_quad_spi_0/U0/NO_DUAL_QUAD_MODE.QSPI_NORMAL/QSPI_LEGACY_MD_GEN.QSPI_CORE_INTERFACE_I/FIFO_EXISTS.RX_FIFO_II/gnuram_async_fifo.xpm_fifo_base_inst/gen_cdc_pntr.wr_pntr_cdc_dc_inst' of design 'design_1' [C:/Xilinx/Vivado/2019.1/data/ip/xpm/xpm_cdc/tcl/xpm_cdc_gray.tcl:16]
WARNING: [XPM_CDC_GRAY: TCL-1000] The source and destination clocks are the same. 
     Instance: system_i/PmodOLED_0/inst/axi_quad_spi_0/U0/NO_DUAL_QUAD_MODE.QSPI_NORMAL/QSPI_LEGACY_MD_GEN.QSPI_CORE_INTERFACE_I/FIFO_EXISTS.RX_FIFO_II/gnuram_async_fifo.xpm_fifo_base_inst/gen_cdc_pntr.wr_pntr_cdc_dc_inst 
  This will add unnecessary latency to the design. Please check the design for the following: 
 1) Manually instantiated XPM_CDC modules: Xilinx recommends that you remove these modules. 
 2) Xilinx IP that contains XPM_CDC modules: Verify the connections to the IP to determine whether you can safely ignore this message.
 [C:/Xilinx/Vivado/2019.1/data/ip/xpm/xpm_cdc/tcl/xpm_cdc_gray.tcl:16]
Finished Sourcing Tcl File [C:/Xilinx/Vivado/2019.1/data/ip/xpm/xpm_cdc/tcl/xpm_cdc_gray.tcl] for cell 'system_i/PmodOLED_0/inst/axi_quad_spi_0/U0/NO_DUAL_QUAD_MODE.QSPI_NORMAL/QSPI_LEGACY_MD_GEN.QSPI_CORE_INTERFACE_I/FIFO_EXISTS.RX_FIFO_II/gnuram_async_fifo.xpm_fifo_base_inst/gen_cdc_pntr.wr_pntr_cdc_dc_inst'
Sourcing Tcl File [C:/Xilinx/Vivado/2019.1/data/ip/xpm/xpm_cdc/tcl/xpm_cdc_gray.tcl] for cell 'system_i/PmodOLED_0/inst/axi_quad_spi_0/U0/NO_DUAL_QUAD_MODE.QSPI_NORMAL/QSPI_LEGACY_MD_GEN.QSPI_CORE_INTERFACE_I/FIFO_EXISTS.TX_FIFO_II/xpm_fifo_instance.xpm_fifo_async_inst/gnuram_async_fifo.xpm_fifo_base_inst/gen_cdc_pntr.rd_pntr_cdc_dc_inst'
INFO: [Vivado 12-3272] Current instance is the top level cell 'system_i/PmodOLED_0/inst/axi_quad_spi_0/U0/NO_DUAL_QUAD_MODE.QSPI_NORMAL/QSPI_LEGACY_MD_GEN.QSPI_CORE_INTERFACE_I/FIFO_EXISTS.TX_FIFO_II/xpm_fifo_instance.xpm_fifo_async_inst/gnuram_async_fifo.xpm_fifo_base_inst/gen_cdc_pntr.rd_pntr_cdc_dc_inst' of design 'design_1' [C:/Xilinx/Vivado/2019.1/data/ip/xpm/xpm_cdc/tcl/xpm_cdc_gray.tcl:16]
WARNING: [XPM_CDC_GRAY: TCL-1000] The source and destination clocks are the same. 
     Instance: system_i/PmodOLED_0/inst/axi_quad_spi_0/U0/NO_DUAL_QUAD_MODE.QSPI_NORMAL/QSPI_LEGACY_MD_GEN.QSPI_CORE_INTERFACE_I/FIFO_EXISTS.TX_FIFO_II/xpm_fifo_instance.xpm_fifo_async_inst/gnuram_async_fifo.xpm_fifo_base_inst/gen_cdc_pntr.rd_pntr_cdc_dc_inst 
  This will add unnecessary latency to the design. Please check the design for the following: 
 1) Manually instantiated XPM_CDC modules: Xilinx recommends that you remove these modules. 
 2) Xilinx IP that contains XPM_CDC modules: Verify the connections to the IP to determine whether you can safely ignore this message.
 [C:/Xilinx/Vivado/2019.1/data/ip/xpm/xpm_cdc/tcl/xpm_cdc_gray.tcl:16]
Finished Sourcing Tcl File [C:/Xilinx/Vivado/2019.1/data/ip/xpm/xpm_cdc/tcl/xpm_cdc_gray.tcl] for cell 'system_i/PmodOLED_0/inst/axi_quad_spi_0/U0/NO_DUAL_QUAD_MODE.QSPI_NORMAL/QSPI_LEGACY_MD_GEN.QSPI_CORE_INTERFACE_I/FIFO_EXISTS.TX_FIFO_II/xpm_fifo_instance.xpm_fifo_async_inst/gnuram_async_fifo.xpm_fifo_base_inst/gen_cdc_pntr.rd_pntr_cdc_dc_inst'
Sourcing Tcl File [C:/Xilinx/Vivado/2019.1/data/ip/xpm/xpm_cdc/tcl/xpm_cdc_gray.tcl] for cell 'system_i/PmodOLED_0/inst/axi_quad_spi_0/U0/NO_DUAL_QUAD_MODE.QSPI_NORMAL/QSPI_LEGACY_MD_GEN.QSPI_CORE_INTERFACE_I/FIFO_EXISTS.RX_FIFO_II/gnuram_async_fifo.xpm_fifo_base_inst/gen_cdc_pntr.rd_pntr_cdc_dc_inst'
INFO: [Vivado 12-3272] Current instance is the top level cell 'system_i/PmodOLED_0/inst/axi_quad_spi_0/U0/NO_DUAL_QUAD_MODE.QSPI_NORMAL/QSPI_LEGACY_MD_GEN.QSPI_CORE_INTERFACE_I/FIFO_EXISTS.RX_FIFO_II/gnuram_async_fifo.xpm_fifo_base_inst/gen_cdc_pntr.rd_pntr_cdc_dc_inst' of design 'design_1' [C:/Xilinx/Vivado/2019.1/data/ip/xpm/xpm_cdc/tcl/xpm_cdc_gray.tcl:16]
WARNING: [XPM_CDC_GRAY: TCL-1000] The source and destination clocks are the same. 
     Instance: system_i/PmodOLED_0/inst/axi_quad_spi_0/U0/NO_DUAL_QUAD_MODE.QSPI_NORMAL/QSPI_LEGACY_MD_GEN.QSPI_CORE_INTERFACE_I/FIFO_EXISTS.RX_FIFO_II/gnuram_async_fifo.xpm_fifo_base_inst/gen_cdc_pntr.rd_pntr_cdc_dc_inst 
  This will add unnecessary latency to the design. Please check the design for the following: 
 1) Manually instantiated XPM_CDC modules: Xilinx recommends that you remove these modules. 
 2) Xilinx IP that contains XPM_CDC modules: Verify the connections to the IP to determine whether you can safely ignore this message.
 [C:/Xilinx/Vivado/2019.1/data/ip/xpm/xpm_cdc/tcl/xpm_cdc_gray.tcl:16]
Finished Sourcing Tcl File [C:/Xilinx/Vivado/2019.1/data/ip/xpm/xpm_cdc/tcl/xpm_cdc_gray.tcl] for cell 'system_i/PmodOLED_0/inst/axi_quad_spi_0/U0/NO_DUAL_QUAD_MODE.QSPI_NORMAL/QSPI_LEGACY_MD_GEN.QSPI_CORE_INTERFACE_I/FIFO_EXISTS.RX_FIFO_II/gnuram_async_fifo.xpm_fifo_base_inst/gen_cdc_pntr.rd_pntr_cdc_dc_inst'
Sourcing Tcl File [C:/Xilinx/Vivado/2019.1/data/ip/xpm/xpm_cdc/tcl/xpm_cdc_sync_rst.tcl] for cell 'system_i/PmodOLED_0/inst/axi_quad_spi_0/U0/NO_DUAL_QUAD_MODE.QSPI_NORMAL/QSPI_LEGACY_MD_GEN.QSPI_CORE_INTERFACE_I/FIFO_EXISTS.TX_FIFO_II/xpm_fifo_instance.xpm_fifo_async_inst/gnuram_async_fifo.xpm_fifo_base_inst/xpm_fifo_rst_inst/gen_rst_ic.rrst_wr_inst'
Finished Sourcing Tcl File [C:/Xilinx/Vivado/2019.1/data/ip/xpm/xpm_cdc/tcl/xpm_cdc_sync_rst.tcl] for cell 'system_i/PmodOLED_0/inst/axi_quad_spi_0/U0/NO_DUAL_QUAD_MODE.QSPI_NORMAL/QSPI_LEGACY_MD_GEN.QSPI_CORE_INTERFACE_I/FIFO_EXISTS.TX_FIFO_II/xpm_fifo_instance.xpm_fifo_async_inst/gnuram_async_fifo.xpm_fifo_base_inst/xpm_fifo_rst_inst/gen_rst_ic.rrst_wr_inst'
Sourcing Tcl File [C:/Xilinx/Vivado/2019.1/data/ip/xpm/xpm_cdc/tcl/xpm_cdc_sync_rst.tcl] for cell 'system_i/PmodOLED_0/inst/axi_quad_spi_0/U0/NO_DUAL_QUAD_MODE.QSPI_NORMAL/QSPI_LEGACY_MD_GEN.QSPI_CORE_INTERFACE_I/FIFO_EXISTS.RX_FIFO_II/gnuram_async_fifo.xpm_fifo_base_inst/xpm_fifo_rst_inst/gen_rst_ic.wrst_rd_inst'
Finished Sourcing Tcl File [C:/Xilinx/Vivado/2019.1/data/ip/xpm/xpm_cdc/tcl/xpm_cdc_sync_rst.tcl] for cell 'system_i/PmodOLED_0/inst/axi_quad_spi_0/U0/NO_DUAL_QUAD_MODE.QSPI_NORMAL/QSPI_LEGACY_MD_GEN.QSPI_CORE_INTERFACE_I/FIFO_EXISTS.RX_FIFO_II/gnuram_async_fifo.xpm_fifo_base_inst/xpm_fifo_rst_inst/gen_rst_ic.wrst_rd_inst'
Sourcing Tcl File [C:/Xilinx/Vivado/2019.1/data/ip/xpm/xpm_cdc/tcl/xpm_cdc_sync_rst.tcl] for cell 'system_i/PmodOLED_0/inst/axi_quad_spi_0/U0/NO_DUAL_QUAD_MODE.QSPI_NORMAL/QSPI_LEGACY_MD_GEN.QSPI_CORE_INTERFACE_I/FIFO_EXISTS.RX_FIFO_II/gnuram_async_fifo.xpm_fifo_base_inst/xpm_fifo_rst_inst/gen_rst_ic.rrst_wr_inst'
Finished Sourcing Tcl File [C:/Xilinx/Vivado/2019.1/data/ip/xpm/xpm_cdc/tcl/xpm_cdc_sync_rst.tcl] for cell 'system_i/PmodOLED_0/inst/axi_quad_spi_0/U0/NO_DUAL_QUAD_MODE.QSPI_NORMAL/QSPI_LEGACY_MD_GEN.QSPI_CORE_INTERFACE_I/FIFO_EXISTS.RX_FIFO_II/gnuram_async_fifo.xpm_fifo_base_inst/xpm_fifo_rst_inst/gen_rst_ic.rrst_wr_inst'
Sourcing Tcl File [C:/Xilinx/Vivado/2019.1/data/ip/xpm/xpm_cdc/tcl/xpm_cdc_sync_rst.tcl] for cell 'system_i/PmodOLED_0/inst/axi_quad_spi_0/U0/NO_DUAL_QUAD_MODE.QSPI_NORMAL/QSPI_LEGACY_MD_GEN.QSPI_CORE_INTERFACE_I/FIFO_EXISTS.TX_FIFO_II/xpm_fifo_instance.xpm_fifo_async_inst/gnuram_async_fifo.xpm_fifo_base_inst/xpm_fifo_rst_inst/gen_rst_ic.wrst_rd_inst'
Finished Sourcing Tcl File [C:/Xilinx/Vivado/2019.1/data/ip/xpm/xpm_cdc/tcl/xpm_cdc_sync_rst.tcl] for cell 'system_i/PmodOLED_0/inst/axi_quad_spi_0/U0/NO_DUAL_QUAD_MODE.QSPI_NORMAL/QSPI_LEGACY_MD_GEN.QSPI_CORE_INTERFACE_I/FIFO_EXISTS.TX_FIFO_II/xpm_fifo_instance.xpm_fifo_async_inst/gnuram_async_fifo.xpm_fifo_base_inst/xpm_fifo_rst_inst/gen_rst_ic.wrst_rd_inst'
Sourcing Tcl File [C:/Xilinx/Vivado/2019.1/data/ip/xpm/xpm_fifo/tcl/xpm_fifo_rst.tcl] for cell 'system_i/PmodOLED_0/inst/axi_quad_spi_0/U0/NO_DUAL_QUAD_MODE.QSPI_NORMAL/QSPI_LEGACY_MD_GEN.QSPI_CORE_INTERFACE_I/FIFO_EXISTS.RX_FIFO_II'
Finished Sourcing Tcl File [C:/Xilinx/Vivado/2019.1/data/ip/xpm/xpm_fifo/tcl/xpm_fifo_rst.tcl] for cell 'system_i/PmodOLED_0/inst/axi_quad_spi_0/U0/NO_DUAL_QUAD_MODE.QSPI_NORMAL/QSPI_LEGACY_MD_GEN.QSPI_CORE_INTERFACE_I/FIFO_EXISTS.RX_FIFO_II'
Sourcing Tcl File [C:/Xilinx/Vivado/2019.1/data/ip/xpm/xpm_fifo/tcl/xpm_fifo_rst.tcl] for cell 'system_i/PmodOLED_0/inst/axi_quad_spi_0/U0/NO_DUAL_QUAD_MODE.QSPI_NORMAL/QSPI_LEGACY_MD_GEN.QSPI_CORE_INTERFACE_I/FIFO_EXISTS.TX_FIFO_II/xpm_fifo_instance.xpm_fifo_async_inst'
Finished Sourcing Tcl File [C:/Xilinx/Vivado/2019.1/data/ip/xpm/xpm_fifo/tcl/xpm_fifo_rst.tcl] for cell 'system_i/PmodOLED_0/inst/axi_quad_spi_0/U0/NO_DUAL_QUAD_MODE.QSPI_NORMAL/QSPI_LEGACY_MD_GEN.QSPI_CORE_INTERFACE_I/FIFO_EXISTS.TX_FIFO_II/xpm_fifo_instance.xpm_fifo_async_inst'
INFO: [Opt 31-138] Pushed 0 inverter(s) to 0 load pin(s).
Netlist sorting complete. Time (s): cpu = 00:00:00 ; elapsed = 00:00:00.001 . Memory (MB): peak = 1357.664 ; gain = 0.000
INFO: [Project 1-111] Unisim Transformation Summary:
  A total of 20 instances were transformed.
  IOBUF => IOBUF (IBUF, OBUFT): 16 instances
  RAM32M => RAM32M (RAMD32, RAMD32, RAMD32, RAMD32, RAMD32, RAMD32, RAMS32, RAMS32): 4 instances

28 Infos, 8 Warnings, 0 Critical Warnings and 0 Errors encountered.
link_design completed successfully
link_design: Time (s): cpu = 00:00:03 ; elapsed = 00:00:13 . Memory (MB): peak = 1357.664 ; gain = 1004.625
Command: opt_design
Attempting to get a license for feature 'Implementation' and/or device 'xc7z020'
INFO: [Common 17-349] Got license for feature 'Implementation' and/or device 'xc7z020'
Running DRC as a precondition to command opt_design

Starting DRC Task
INFO: [DRC 23-27] Running DRC with 2 threads
INFO: [Project 1-461] DRC finished with 0 Errors
INFO: [Project 1-462] Please refer to the DRC report (report_drc) for more information.

Time (s): cpu = 00:00:00 ; elapsed = 00:00:00.259 . Memory (MB): peak = 1357.664 ; gain = 0.000

Starting Cache Timing Information Task
INFO: [Timing 38-35] Done setting XDC timing constraints.
Ending Cache Timing Information Task | Checksum: 216e9e633

Time (s): cpu = 00:00:00 ; elapsed = 00:00:00.079 . Memory (MB): peak = 1357.664 ; gain = 0.000

Starting Logic Optimization Task

Phase 1 Retarget
INFO: [Opt 31-138] Pushed 0 inverter(s) to 0 load pin(s).
INFO: [Opt 31-49] Retargeted 0 cell(s).
Phase 1 Retarget | Checksum: 1af7b8bdd

Time (s): cpu = 00:00:00 ; elapsed = 00:00:00.138 . Memory (MB): peak = 1454.910 ; gain = 0.309
INFO: [Opt 31-389] Phase Retarget created 77 cells and removed 158 cells
INFO: [Opt 31-1021] In phase Retarget, 12 netlist objects are constrained preventing optimization. Please run opt_design with -debug_log to get more detail. 

Phase 2 Constant propagation
INFO: [Opt 31-138] Pushed 0 inverter(s) to 0 load pin(s).
Phase 2 Constant propagation | Checksum: 1f5c3c56e

Time (s): cpu = 00:00:00 ; elapsed = 00:00:00.167 . Memory (MB): peak = 1454.910 ; gain = 0.309
INFO: [Opt 31-389] Phase Constant propagation created 20 cells and removed 54 cells

Phase 3 Sweep
Phase 3 Sweep | Checksum: 21f0d2239

Time (s): cpu = 00:00:00 ; elapsed = 00:00:00.445 . Memory (MB): peak = 1454.910 ; gain = 0.309
INFO: [Opt 31-389] Phase Sweep created 4 cells and removed 320 cells

Phase 4 BUFG optimization
Phase 4 BUFG optimization | Checksum: 21f0d2239

Time (s): cpu = 00:00:00 ; elapsed = 00:00:00.482 . Memory (MB): peak = 1454.910 ; gain = 0.309
INFO: [Opt 31-662] Phase BUFG optimization created 0 cells of which 0 are BUFGs and removed 0 cells.

Phase 5 Shift Register Optimization
INFO: [Opt 31-1064] SRL Remap converted 0 SRLs to 0 registers and converted 0 registers of register chains to 0 SRLs
Phase 5 Shift Register Optimization | Checksum: 21f0d2239

Time (s): cpu = 00:00:00 ; elapsed = 00:00:00.519 . Memory (MB): peak = 1454.910 ; gain = 0.309
INFO: [Opt 31-389] Phase Shift Register Optimization created 0 cells and removed 0 cells

Phase 6 Post Processing Netlist
Phase 6 Post Processing Netlist | Checksum: 26b050555

Time (s): cpu = 00:00:00 ; elapsed = 00:00:00.547 . Memory (MB): peak = 1454.910 ; gain = 0.309
INFO: [Opt 31-389] Phase Post Processing Netlist created 0 cells and removed 0 cells
Opt_design Change Summary
=========================


-------------------------------------------------------------------------------------------------------------------------
|  Phase                        |  #Cells created  |  #Cells Removed  |  #Constrained objects preventing optimizations  |
-------------------------------------------------------------------------------------------------------------------------
|  Retarget                     |              77  |             158  |                                             12  |
|  Constant propagation         |              20  |              54  |                                              0  |
|  Sweep                        |               4  |             320  |                                              0  |
|  BUFG optimization            |               0  |               0  |                                              0  |
|  Shift Register Optimization  |               0  |               0  |                                              0  |
|  Post Processing Netlist      |               0  |               0  |                                              0  |
-------------------------------------------------------------------------------------------------------------------------



Starting Connectivity Check Task

Time (s): cpu = 00:00:00 ; elapsed = 00:00:00.004 . Memory (MB): peak = 1454.910 ; gain = 0.000
Ending Logic Optimization Task | Checksum: 1675f6b34

Time (s): cpu = 00:00:00 ; elapsed = 00:00:00.619 . Memory (MB): peak = 1454.910 ; gain = 0.309

Starting Power Optimization Task
INFO: [Pwropt 34-132] Skipping clock gating for clocks with a period < 2.00 ns.
Ending Power Optimization Task | Checksum: 1675f6b34

Time (s): cpu = 00:00:00 ; elapsed = 00:00:00.006 . Memory (MB): peak = 1454.910 ; gain = 0.000

Starting Final Cleanup Task
Ending Final Cleanup Task | Checksum: 1675f6b34

Time (s): cpu = 00:00:00 ; elapsed = 00:00:00 . Memory (MB): peak = 1454.910 ; gain = 0.000

Starting Netlist Obfuscation Task
Netlist sorting complete. Time (s): cpu = 00:00:00 ; elapsed = 00:00:00.001 . Memory (MB): peak = 1454.910 ; gain = 0.000
Ending Netlist Obfuscation Task | Checksum: 1675f6b34

Time (s): cpu = 00:00:00 ; elapsed = 00:00:00.001 . Memory (MB): peak = 1454.910 ; gain = 0.000
INFO: [Common 17-83] Releasing license: Implementation
46 Infos, 8 Warnings, 0 Critical Warnings and 0 Errors encountered.
opt_design completed successfully
Netlist sorting complete. Time (s): cpu = 00:00:00 ; elapsed = 00:00:00.001 . Memory (MB): peak = 1454.910 ; gain = 0.000
INFO: [Timing 38-480] Writing timing data to binary archive.
Writing placer database...
Writing XDEF routing.
Writing XDEF routing logical nets.
Writing XDEF routing special nets.
Write XDEF Complete: Time (s): cpu = 00:00:00 ; elapsed = 00:00:00.029 . Memory (MB): peak = 1454.910 ; gain = 0.000
INFO: [Common 17-1381] The checkpoint 'C:/X_Projects/AlarmSystem/AlarmSystem.runs/impl_1/system_wrapper_opt.dcp' has been generated.
INFO: [runtcl-4] Executing : report_drc -file system_wrapper_drc_opted.rpt -pb system_wrapper_drc_opted.pb -rpx system_wrapper_drc_opted.rpx
Command: report_drc -file system_wrapper_drc_opted.rpt -pb system_wrapper_drc_opted.pb -rpx system_wrapper_drc_opted.rpx
INFO: [IP_Flow 19-1839] IP Catalog is up to date.
INFO: [DRC 23-27] Running DRC with 2 threads
INFO: [Coretcl 2-168] The results of DRC are in file C:/X_Projects/AlarmSystem/AlarmSystem.runs/impl_1/system_wrapper_drc_opted.rpt.
report_drc completed successfully
Command: place_design
Attempting to get a license for feature 'Implementation' and/or device 'xc7z020'
INFO: [Common 17-349] Got license for feature 'Implementation' and/or device 'xc7z020'
INFO: [DRC 23-27] Running DRC with 2 threads
INFO: [Vivado_Tcl 4-198] DRC finished with 0 Errors
INFO: [Vivado_Tcl 4-199] Please refer to the DRC report (report_drc) for more information.
Running DRC as a precondition to command place_design
INFO: [DRC 23-27] Running DRC with 2 threads
INFO: [Vivado_Tcl 4-198] DRC finished with 0 Errors
INFO: [Vivado_Tcl 4-199] Please refer to the DRC report (report_drc) for more information.

Starting Placer Task
INFO: [Place 30-611] Multithreading enabled for place_design using a maximum of 2 CPUs

Phase 1 Placer Initialization

Phase 1.1 Placer Initialization Netlist Sorting
Netlist sorting complete. Time (s): cpu = 00:00:00 ; elapsed = 00:00:00.001 . Memory (MB): peak = 1454.910 ; gain = 0.000
Phase 1.1 Placer Initialization Netlist Sorting | Checksum: 120e1abf6

Time (s): cpu = 00:00:00 ; elapsed = 00:00:00.004 . Memory (MB): peak = 1454.910 ; gain = 0.000
Netlist sorting complete. Time (s): cpu = 00:00:00 ; elapsed = 00:00:00.001 . Memory (MB): peak = 1454.910 ; gain = 0.000

Phase 1.2 IO Placement/ Clock Placement/ Build Placer Device
INFO: [Timing 38-35] Done setting XDC timing constraints.
Phase 1.2 IO Placement/ Clock Placement/ Build Placer Device | Checksum: 1a2c5eb26

Time (s): cpu = 00:00:00 ; elapsed = 00:00:00.671 . Memory (MB): peak = 1486.672 ; gain = 31.762

Phase 1.3 Build Placer Netlist Model
Phase 1.3 Build Placer Netlist Model | Checksum: 16fb51188

Time (s): cpu = 00:00:00 ; elapsed = 00:00:00.957 . Memory (MB): peak = 1493.660 ; gain = 38.750

Phase 1.4 Constrain Clocks/Macros
Phase 1.4 Constrain Clocks/Macros | Checksum: 16fb51188

Time (s): cpu = 00:00:00 ; elapsed = 00:00:00.960 . Memory (MB): peak = 1493.660 ; gain = 38.750
Phase 1 Placer Initialization | Checksum: 16fb51188

Time (s): cpu = 00:00:00 ; elapsed = 00:00:00.965 . Memory (MB): peak = 1493.660 ; gain = 38.750

Phase 2 Global Placement

Phase 2.1 Floorplanning
Phase 2.1 Floorplanning | Checksum: 1dc49fc84

Time (s): cpu = 00:00:00 ; elapsed = 00:00:01 . Memory (MB): peak = 1493.660 ; gain = 38.750

Phase 2.2 Global Placement Core

Phase 2.2.1 Physical Synthesis In Placer
INFO: [Physopt 32-65] No nets found for high-fanout optimization.
INFO: [Physopt 32-232] Optimized 0 net. Created 0 new instance.
INFO: [Physopt 32-775] End 1 Pass. Optimized 0 net or cell. Created 0 new cell, deleted 0 existing cell and moved 0 existing cell
INFO: [Physopt 32-670] No setup violation found.  DSP Register Optimization was not performed.
INFO: [Physopt 32-670] No setup violation found.  Shift Register Optimization was not performed.
INFO: [Physopt 32-670] No setup violation found.  BRAM Register Optimization was not performed.
INFO: [Physopt 32-949] No candidate nets found for HD net replication
INFO: [Physopt 32-775] End 1 Pass. Optimized 0 net or cell. Created 0 new cell, deleted 0 existing cell and moved 0 existing cell
Netlist sorting complete. Time (s): cpu = 00:00:00 ; elapsed = 00:00:00.001 . Memory (MB): peak = 1493.660 ; gain = 0.000

Summary of Physical Synthesis Optimizations
============================================


----------------------------------------------------------------------------------------------------------------------------------------
|  Optimization                  |  Added Cells  |  Removed Cells  |  Optimized Cells/Nets  |  Dont Touch  |  Iterations  |  Elapsed   |
----------------------------------------------------------------------------------------------------------------------------------------
|  Very High Fanout              |            0  |              0  |                     0  |           0  |           1  |  00:00:00  |
|  DSP Register                  |            0  |              0  |                     0  |           0  |           0  |  00:00:00  |
|  Shift Register                |            0  |              0  |                     0  |           0  |           0  |  00:00:00  |
|  BRAM Register                 |            0  |              0  |                     0  |           0  |           0  |  00:00:00  |
|  HD Interface Net Replication  |            0  |              0  |                     0  |           0  |           1  |  00:00:00  |
|  Total                         |            0  |              0  |                     0  |           0  |           2  |  00:00:00  |
----------------------------------------------------------------------------------------------------------------------------------------


Phase 2.2.1 Physical Synthesis In Placer | Checksum: 15ee958ed

Time (s): cpu = 00:00:00 ; elapsed = 00:00:02 . Memory (MB): peak = 1493.660 ; gain = 38.750
Phase 2.2 Global Placement Core | Checksum: 17d2581d7

Time (s): cpu = 00:00:00 ; elapsed = 00:00:02 . Memory (MB): peak = 1493.660 ; gain = 38.750
Phase 2 Global Placement | Checksum: 17d2581d7

Time (s): cpu = 00:00:00 ; elapsed = 00:00:02 . Memory (MB): peak = 1493.660 ; gain = 38.750

Phase 3 Detail Placement

Phase 3.1 Commit Multi Column Macros
Phase 3.1 Commit Multi Column Macros | Checksum: 1a795eb45

Time (s): cpu = 00:00:00 ; elapsed = 00:00:02 . Memory (MB): peak = 1493.660 ; gain = 38.750

Phase 3.2 Commit Most Macros & LUTRAMs
Phase 3.2 Commit Most Macros & LUTRAMs | Checksum: ffb74fbb

Time (s): cpu = 00:00:00 ; elapsed = 00:00:02 . Memory (MB): peak = 1493.660 ; gain = 38.750

Phase 3.3 Area Swap Optimization
Phase 3.3 Area Swap Optimization | Checksum: 1d4b711c8

Time (s): cpu = 00:00:00 ; elapsed = 00:00:02 . Memory (MB): peak = 1493.660 ; gain = 38.750

Phase 3.4 Pipeline Register Optimization
Phase 3.4 Pipeline Register Optimization | Checksum: 18858cf8f

Time (s): cpu = 00:00:00 ; elapsed = 00:00:02 . Memory (MB): peak = 1493.660 ; gain = 38.750

Phase 3.5 Small Shape Detail Placement
Phase 3.5 Small Shape Detail Placement | Checksum: bf48bd54

Time (s): cpu = 00:00:01 ; elapsed = 00:00:03 . Memory (MB): peak = 1493.660 ; gain = 38.750

Phase 3.6 Re-assign LUT pins
Phase 3.6 Re-assign LUT pins | Checksum: 2a1dc1df

Time (s): cpu = 00:00:01 ; elapsed = 00:00:03 . Memory (MB): peak = 1493.660 ; gain = 38.750

Phase 3.7 Pipeline Register Optimization
Phase 3.7 Pipeline Register Optimization | Checksum: 5eee28f2

Time (s): cpu = 00:00:01 ; elapsed = 00:00:03 . Memory (MB): peak = 1493.660 ; gain = 38.750
Phase 3 Detail Placement | Checksum: 5eee28f2

Time (s): cpu = 00:00:01 ; elapsed = 00:00:03 . Memory (MB): peak = 1493.660 ; gain = 38.750

Phase 4 Post Placement Optimization and Clean-Up

Phase 4.1 Post Commit Optimization
INFO: [Timing 38-35] Done setting XDC timing constraints.

Phase 4.1.1 Post Placement Optimization
Post Placement Optimization Initialization | Checksum: ffff9456

Phase 4.1.1.1 BUFG Insertion
INFO: [Place 46-56] BUFG insertion identified 0 candidate nets. Inserted BUFG: 0, Replicated BUFG Driver: 0, Skipped due to Placement/Routing Conflicts: 0, Skipped due to Timing Degradation: 0, Skipped due to Illegal Netlist: 0.
Phase 4.1.1.1 BUFG Insertion | Checksum: ffff9456

Time (s): cpu = 00:00:01 ; elapsed = 00:00:03 . Memory (MB): peak = 1515.887 ; gain = 60.977
INFO: [Place 30-746] Post Placement Timing Summary WNS=13.349. For the most accurate timing information please run report_timing.
Phase 4.1.1 Post Placement Optimization | Checksum: 16313c229

Time (s): cpu = 00:00:01 ; elapsed = 00:00:03 . Memory (MB): peak = 1515.887 ; gain = 60.977
Phase 4.1 Post Commit Optimization | Checksum: 16313c229

Time (s): cpu = 00:00:01 ; elapsed = 00:00:03 . Memory (MB): peak = 1515.887 ; gain = 60.977

Phase 4.2 Post Placement Cleanup
Phase 4.2 Post Placement Cleanup | Checksum: 16313c229

Time (s): cpu = 00:00:01 ; elapsed = 00:00:03 . Memory (MB): peak = 1515.887 ; gain = 60.977

Phase 4.3 Placer Reporting
Phase 4.3 Placer Reporting | Checksum: 16313c229

Time (s): cpu = 00:00:01 ; elapsed = 00:00:03 . Memory (MB): peak = 1515.887 ; gain = 60.977

Phase 4.4 Final Placement Cleanup
Netlist sorting complete. Time (s): cpu = 00:00:00 ; elapsed = 00:00:00.002 . Memory (MB): peak = 1515.887 ; gain = 0.000
Phase 4.4 Final Placement Cleanup | Checksum: 18bbbc812

Time (s): cpu = 00:00:01 ; elapsed = 00:00:03 . Memory (MB): peak = 1515.887 ; gain = 60.977
Phase 4 Post Placement Optimization and Clean-Up | Checksum: 18bbbc812

Time (s): cpu = 00:00:01 ; elapsed = 00:00:03 . Memory (MB): peak = 1515.887 ; gain = 60.977
Ending Placer Task | Checksum: ac8d4f10

Time (s): cpu = 00:00:01 ; elapsed = 00:00:03 . Memory (MB): peak = 1515.887 ; gain = 60.977
INFO: [Common 17-83] Releasing license: Implementation
73 Infos, 8 Warnings, 0 Critical Warnings and 0 Errors encountered.
place_design completed successfully
Netlist sorting complete. Time (s): cpu = 00:00:00 ; elapsed = 00:00:00.001 . Memory (MB): peak = 1515.887 ; gain = 0.000
INFO: [Timing 38-480] Writing timing data to binary archive.
Writing placer database...
Writing XDEF routing.
Writing XDEF routing logical nets.
Writing XDEF routing special nets.
Write XDEF Complete: Time (s): cpu = 00:00:00 ; elapsed = 00:00:00.131 . Memory (MB): peak = 1516.871 ; gain = 0.984
INFO: [Common 17-1381] The checkpoint 'C:/X_Projects/AlarmSystem/AlarmSystem.runs/impl_1/system_wrapper_placed.dcp' has been generated.
INFO: [runtcl-4] Executing : report_io -file system_wrapper_io_placed.rpt
report_io: Time (s): cpu = 00:00:00 ; elapsed = 00:00:00.029 . Memory (MB): peak = 1516.871 ; gain = 0.000
INFO: [runtcl-4] Executing : report_utilization -file system_wrapper_utilization_placed.rpt -pb system_wrapper_utilization_placed.pb
INFO: [runtcl-4] Executing : report_control_sets -verbose -file system_wrapper_control_sets_placed.rpt
report_control_sets: Time (s): cpu = 00:00:00 ; elapsed = 00:00:00.052 . Memory (MB): peak = 1516.871 ; gain = 0.000
Command: route_design
Attempting to get a license for feature 'Implementation' and/or device 'xc7z020'
INFO: [Common 17-349] Got license for feature 'Implementation' and/or device 'xc7z020'
Running DRC as a precondition to command route_design
INFO: [DRC 23-27] Running DRC with 2 threads
INFO: [Vivado_Tcl 4-198] DRC finished with 0 Errors
INFO: [Vivado_Tcl 4-199] Please refer to the DRC report (report_drc) for more information.


Starting Routing Task
INFO: [Route 35-254] Multithreading enabled for route_design using a maximum of 2 CPUs
Checksum: PlaceDB: b43a12d ConstDB: 0 ShapeSum: a149ade3 RouteDB: 0

Phase 1 Build RT Design
Phase 1 Build RT Design | Checksum: 62153702

Time (s): cpu = 00:00:03 ; elapsed = 00:00:11 . Memory (MB): peak = 1634.102 ; gain = 104.688
Post Restoration Checksum: NetGraph: 35252d0d NumContArr: 2cf009f5 Constraints: 0 Timing: 0

Phase 2 Router Initialization

Phase 2.1 Create Timer
Phase 2.1 Create Timer | Checksum: 62153702

Time (s): cpu = 00:00:03 ; elapsed = 00:00:11 . Memory (MB): peak = 1666.410 ; gain = 136.996

Phase 2.2 Fix Topology Constraints
Phase 2.2 Fix Topology Constraints | Checksum: 62153702

Time (s): cpu = 00:00:03 ; elapsed = 00:00:11 . Memory (MB): peak = 1673.875 ; gain = 144.461

Phase 2.3 Pre Route Cleanup
Phase 2.3 Pre Route Cleanup | Checksum: 62153702

Time (s): cpu = 00:00:03 ; elapsed = 00:00:11 . Memory (MB): peak = 1673.875 ; gain = 144.461
 Number of Nodes with overlaps = 0

Phase 2.4 Update Timing
Phase 2.4 Update Timing | Checksum: 11913f637

Time (s): cpu = 00:00:03 ; elapsed = 00:00:11 . Memory (MB): peak = 1698.117 ; gain = 168.703
INFO: [Route 35-416] Intermediate Timing Summary | WNS=13.320 | TNS=0.000  | WHS=-0.146 | THS=-61.887|

Phase 2 Router Initialization | Checksum: bfcbca00

Time (s): cpu = 00:00:03 ; elapsed = 00:00:11 . Memory (MB): peak = 1698.117 ; gain = 168.703

Router Utilization Summary
  Global Vertical Routing Utilization    = 0 %
  Global Horizontal Routing Utilization  = 0 %
  Routable Net Status*
  *Does not include unroutable nets such as driverless and loadless.
  Run report_route_status for detailed report.
  Number of Failed Nets               = 3255
    (Failed Nets is the sum of unrouted and partially routed nets)
  Number of Unrouted Nets             = 3255
  Number of Partially Routed Nets     = 0
  Number of Node Overlaps             = 0


Phase 3 Initial Routing
Phase 3 Initial Routing | Checksum: 189389564

Time (s): cpu = 00:00:03 ; elapsed = 00:00:12 . Memory (MB): peak = 1698.117 ; gain = 168.703

Phase 4 Rip-up And Reroute

Phase 4.1 Global Iteration 0
 Number of Nodes with overlaps = 297
 Number of Nodes with overlaps = 0
INFO: [Route 35-416] Intermediate Timing Summary | WNS=12.303 | TNS=0.000  | WHS=N/A    | THS=N/A    |

Phase 4.1 Global Iteration 0 | Checksum: ed6fd83b

Time (s): cpu = 00:00:03 ; elapsed = 00:00:12 . Memory (MB): peak = 1698.117 ; gain = 168.703

Phase 4.2 Global Iteration 1
 Number of Nodes with overlaps = 1
 Number of Nodes with overlaps = 0
INFO: [Route 35-416] Intermediate Timing Summary | WNS=12.303 | TNS=0.000  | WHS=N/A    | THS=N/A    |

Phase 4.2 Global Iteration 1 | Checksum: 1df43852e

Time (s): cpu = 00:00:03 ; elapsed = 00:00:12 . Memory (MB): peak = 1698.117 ; gain = 168.703
Phase 4 Rip-up And Reroute | Checksum: 1df43852e

Time (s): cpu = 00:00:03 ; elapsed = 00:00:12 . Memory (MB): peak = 1698.117 ; gain = 168.703

Phase 5 Delay and Skew Optimization

Phase 5.1 Delay CleanUp

Phase 5.1.1 Update Timing
Phase 5.1.1 Update Timing | Checksum: 25a4f222d

Time (s): cpu = 00:00:03 ; elapsed = 00:00:12 . Memory (MB): peak = 1698.117 ; gain = 168.703
INFO: [Route 35-416] Intermediate Timing Summary | WNS=12.418 | TNS=0.000  | WHS=N/A    | THS=N/A    |

Phase 5.1 Delay CleanUp | Checksum: 25a4f222d

Time (s): cpu = 00:00:03 ; elapsed = 00:00:12 . Memory (MB): peak = 1698.117 ; gain = 168.703

Phase 5.2 Clock Skew Optimization
Phase 5.2 Clock Skew Optimization | Checksum: 25a4f222d

Time (s): cpu = 00:00:03 ; elapsed = 00:00:12 . Memory (MB): peak = 1698.117 ; gain = 168.703
Phase 5 Delay and Skew Optimization | Checksum: 25a4f222d

Time (s): cpu = 00:00:03 ; elapsed = 00:00:12 . Memory (MB): peak = 1698.117 ; gain = 168.703

Phase 6 Post Hold Fix

Phase 6.1 Hold Fix Iter

Phase 6.1.1 Update Timing
Phase 6.1.1 Update Timing | Checksum: 20b2fc896

Time (s): cpu = 00:00:03 ; elapsed = 00:00:12 . Memory (MB): peak = 1698.117 ; gain = 168.703
INFO: [Route 35-416] Intermediate Timing Summary | WNS=12.418 | TNS=0.000  | WHS=0.056  | THS=0.000  |

Phase 6.1 Hold Fix Iter | Checksum: 1d25be6bc

Time (s): cpu = 00:00:03 ; elapsed = 00:00:12 . Memory (MB): peak = 1698.117 ; gain = 168.703
Phase 6 Post Hold Fix | Checksum: 1d25be6bc

Time (s): cpu = 00:00:03 ; elapsed = 00:00:12 . Memory (MB): peak = 1698.117 ; gain = 168.703

Phase 7 Route finalize

Router Utilization Summary
  Global Vertical Routing Utilization    = 0.46909 %
  Global Horizontal Routing Utilization  = 0.627366 %
  Routable Net Status*
  *Does not include unroutable nets such as driverless and loadless.
  Run report_route_status for detailed report.
  Number of Failed Nets               = 0
    (Failed Nets is the sum of unrouted and partially routed nets)
  Number of Unrouted Nets             = 0
  Number of Partially Routed Nets     = 0
  Number of Node Overlaps             = 0

Phase 7 Route finalize | Checksum: 20e01e47e

Time (s): cpu = 00:00:03 ; elapsed = 00:00:12 . Memory (MB): peak = 1698.117 ; gain = 168.703

Phase 8 Verifying routed nets

 Verification completed successfully
Phase 8 Verifying routed nets | Checksum: 20e01e47e

Time (s): cpu = 00:00:03 ; elapsed = 00:00:12 . Memory (MB): peak = 1698.117 ; gain = 168.703

Phase 9 Depositing Routes
Phase 9 Depositing Routes | Checksum: 19181e06c

Time (s): cpu = 00:00:03 ; elapsed = 00:00:12 . Memory (MB): peak = 1698.117 ; gain = 168.703

Phase 10 Post Router Timing
INFO: [Route 35-57] Estimated Timing Summary | WNS=12.418 | TNS=0.000  | WHS=0.056  | THS=0.000  |

INFO: [Route 35-327] The final timing numbers are based on the router estimated timing analysis. For a complete and accurate timing signoff, please run report_timing_summary.
Phase 10 Post Router Timing | Checksum: 19181e06c

Time (s): cpu = 00:00:03 ; elapsed = 00:00:12 . Memory (MB): peak = 1698.117 ; gain = 168.703
INFO: [Route 35-16] Router Completed Successfully

Time (s): cpu = 00:00:03 ; elapsed = 00:00:12 . Memory (MB): peak = 1698.117 ; gain = 168.703

Routing Is Done.
INFO: [Common 17-83] Releasing license: Implementation
92 Infos, 8 Warnings, 0 Critical Warnings and 0 Errors encountered.
route_design completed successfully
route_design: Time (s): cpu = 00:00:04 ; elapsed = 00:00:13 . Memory (MB): peak = 1698.117 ; gain = 181.246
Netlist sorting complete. Time (s): cpu = 00:00:00 ; elapsed = 00:00:00.001 . Memory (MB): peak = 1698.117 ; gain = 0.000
INFO: [Timing 38-480] Writing timing data to binary archive.
Writing placer database...
Writing XDEF routing.
Writing XDEF routing logical nets.
Writing XDEF routing special nets.
Write XDEF Complete: Time (s): cpu = 00:00:00 ; elapsed = 00:00:00.168 . Memory (MB): peak = 1704.195 ; gain = 6.078
INFO: [Common 17-1381] The checkpoint 'C:/X_Projects/AlarmSystem/AlarmSystem.runs/impl_1/system_wrapper_routed.dcp' has been generated.
INFO: [runtcl-4] Executing : report_drc -file system_wrapper_drc_routed.rpt -pb system_wrapper_drc_routed.pb -rpx system_wrapper_drc_routed.rpx
Command: report_drc -file system_wrapper_drc_routed.rpt -pb system_wrapper_drc_routed.pb -rpx system_wrapper_drc_routed.rpx
INFO: [IP_Flow 19-1839] IP Catalog is up to date.
INFO: [DRC 23-27] Running DRC with 2 threads
INFO: [Coretcl 2-168] The results of DRC are in file C:/X_Projects/AlarmSystem/AlarmSystem.runs/impl_1/system_wrapper_drc_routed.rpt.
report_drc completed successfully
INFO: [runtcl-4] Executing : report_methodology -file system_wrapper_methodology_drc_routed.rpt -pb system_wrapper_methodology_drc_routed.pb -rpx system_wrapper_methodology_drc_routed.rpx
Command: report_methodology -file system_wrapper_methodology_drc_routed.rpt -pb system_wrapper_methodology_drc_routed.pb -rpx system_wrapper_methodology_drc_routed.rpx
INFO: [Timing 38-35] Done setting XDC timing constraints.
INFO: [DRC 23-133] Running Methodology with 2 threads
INFO: [Coretcl 2-1520] The results of Report Methodology are in file C:/X_Projects/AlarmSystem/AlarmSystem.runs/impl_1/system_wrapper_methodology_drc_routed.rpt.
report_methodology completed successfully
INFO: [runtcl-4] Executing : report_power -file system_wrapper_power_routed.rpt -pb system_wrapper_power_summary_routed.pb -rpx system_wrapper_power_routed.rpx
Command: report_power -file system_wrapper_power_routed.rpt -pb system_wrapper_power_summary_routed.pb -rpx system_wrapper_power_routed.rpx
INFO: [Timing 38-35] Done setting XDC timing constraints.
Running Vector-less Activity Propagation...

Finished Running Vector-less Activity Propagation
104 Infos, 8 Warnings, 0 Critical Warnings and 0 Errors encountered.
report_power completed successfully
INFO: [runtcl-4] Executing : report_route_status -file system_wrapper_route_status.rpt -pb system_wrapper_route_status.pb
INFO: [runtcl-4] Executing : report_timing_summary -max_paths 10 -file system_wrapper_timing_summary_routed.rpt -pb system_wrapper_timing_summary_routed.pb -rpx system_wrapper_timing_summary_routed.rpx -warn_on_violation 
INFO: [Timing 38-91] UpdateTimingParams: Speed grade: -1, Delay Type: min_max.
INFO: [Timing 38-191] Multithreading enabled for timing update using a maximum of 2 CPUs
INFO: [runtcl-4] Executing : report_incremental_reuse -file system_wrapper_incremental_reuse_routed.rpt
INFO: [Vivado_Tcl 4-1062] Incremental flow is disabled. No incremental reuse Info to report.
INFO: [runtcl-4] Executing : report_clock_utilization -file system_wrapper_clock_utilization_routed.rpt
INFO: [runtcl-4] Executing : report_bus_skew -warn_on_violation -file system_wrapper_bus_skew_routed.rpt -pb system_wrapper_bus_skew_routed.pb -rpx system_wrapper_bus_skew_routed.rpx
INFO: [Timing 38-91] UpdateTimingParams: Speed grade: -1, Delay Type: min_max.
INFO: [Timing 38-191] Multithreading enabled for timing update using a maximum of 2 CPUs
INFO: [Memdata 28-167] Found XPM memory block system_i/PmodOLED_0/inst/axi_quad_spi_0/U0/NO_DUAL_QUAD_MODE.QSPI_NORMAL/QSPI_LEGACY_MD_GEN.QSPI_CORE_INTERFACE_I/FIFO_EXISTS.TX_FIFO_II/xpm_fifo_instance.xpm_fifo_async_inst/gnuram_async_fifo.xpm_fifo_base_inst/gen_sdpram.xpm_memory_base_inst with a P_MEMORY_PRIMITIVE property set to auto. A value of block is required. You will not be able to use the updatemem program to update the bitstream with new data for the system_i/PmodOLED_0/inst/axi_quad_spi_0/U0/NO_DUAL_QUAD_MODE.QSPI_NORMAL/QSPI_LEGACY_MD_GEN.QSPI_CORE_INTERFACE_I/FIFO_EXISTS.TX_FIFO_II/xpm_fifo_instance.xpm_fifo_async_inst/gnuram_async_fifo.xpm_fifo_base_inst/gen_sdpram.xpm_memory_base_inst block.
INFO: [Memdata 28-167] Found XPM memory block system_i/PmodOLED_0/inst/axi_quad_spi_0/U0/NO_DUAL_QUAD_MODE.QSPI_NORMAL/QSPI_LEGACY_MD_GEN.QSPI_CORE_INTERFACE_I/FIFO_EXISTS.RX_FIFO_II/gnuram_async_fifo.xpm_fifo_base_inst/gen_sdpram.xpm_memory_base_inst with a P_MEMORY_PRIMITIVE property set to auto. A value of block is required. You will not be able to use the updatemem program to update the bitstream with new data for the system_i/PmodOLED_0/inst/axi_quad_spi_0/U0/NO_DUAL_QUAD_MODE.QSPI_NORMAL/QSPI_LEGACY_MD_GEN.QSPI_CORE_INTERFACE_I/FIFO_EXISTS.RX_FIFO_II/gnuram_async_fifo.xpm_fifo_base_inst/gen_sdpram.xpm_memory_base_inst block.
Command: write_bitstream -force system_wrapper.bit
Attempting to get a license for feature 'Implementation' and/or device 'xc7z020'
INFO: [Common 17-349] Got license for feature 'Implementation' and/or device 'xc7z020'
Running DRC as a precondition to command write_bitstream
INFO: [IP_Flow 19-1839] IP Catalog is up to date.
INFO: [DRC 23-27] Running DRC with 2 threads
WARNING: [DRC BUFC-1] Input Buffer Connections: Input buffer jb_pin10_iobuf/IBUF has no loads. It is recommended to have an input buffer drive an internal load.
WARNING: [DRC BUFC-1] Input Buffer Connections: Input buffer jb_pin1_iobuf/IBUF has no loads. It is recommended to have an input buffer drive an internal load.
WARNING: [DRC BUFC-1] Input Buffer Connections: Input buffer jb_pin2_iobuf/IBUF has no loads. It is recommended to have an input buffer drive an internal load.
WARNING: [DRC BUFC-1] Input Buffer Connections: Input buffer jb_pin7_iobuf/IBUF has no loads. It is recommended to have an input buffer drive an internal load.
WARNING: [DRC BUFC-1] Input Buffer Connections: Input buffer jb_pin8_iobuf/IBUF has no loads. It is recommended to have an input buffer drive an internal load.
WARNING: [DRC BUFC-1] Input Buffer Connections: Input buffer jb_pin9_iobuf/IBUF has no loads. It is recommended to have an input buffer drive an internal load.
WARNING: [DRC BUFC-1] Input Buffer Connections: Input buffer jc_pin1_iobuf/IBUF has no loads. It is recommended to have an input buffer drive an internal load.
WARNING: [DRC BUFC-1] Input Buffer Connections: Input buffer jc_pin4_iobuf/IBUF has no loads. It is recommended to have an input buffer drive an internal load.
INFO: [Vivado 12-3199] DRC finished with 0 Errors, 8 Warnings
INFO: [Vivado 12-3200] Please refer to the DRC report (report_drc) for more information.
INFO: [Designutils 20-2272] Running write_bitstream with 2 threads.
Loading data files...
Loading site data...
Loading route data...
Processing options...
Creating bitmap...
Creating bitstream...
Writing bitstream ./system_wrapper.bit...
INFO: [Vivado 12-1842] Bitgen Completed Successfully.
INFO: [Project 1-120] WebTalk data collection is mandatory when using a WebPACK part without a full Vivado license. To see the specific WebTalk data collected for your design, open the usage_statistics_webtalk.html or usage_statistics_webtalk.xml file in the implementation directory.
INFO: [Common 17-83] Releasing license: Implementation
125 Infos, 16 Warnings, 0 Critical Warnings and 0 Errors encountered.
write_bitstream completed successfully
write_bitstream: Time (s): cpu = 00:00:02 ; elapsed = 00:00:08 . Memory (MB): peak = 2189.715 ; gain = 442.832
INFO: [Common 17-206] Exiting Vivado at Wed Dec  6 18:58:44 2023...
